[2021-06-13 13:27:24] local.ERROR: SQLSTATE[HY000]: General error: 1267 Illegal mix of collations (utf8mb4_unicode_ci,IMPLICIT) and (utf8mb4_0900_ai_ci,IMPLICIT) for operation '=' (SQL: update `categories` set `_lft` = case when `_lft` >= 16 then `_lft`+2 else `_lft` end, `_rgt` = case when `_rgt` >= 16 then `_rgt`+2 else `_rgt` end where (`_lft` >= 16 or `_rgt` >= 16)) {"exception":"[object] (Illuminate\\Database\\QueryException(code: HY000): SQLSTATE[HY000]: General error: 1267 Illegal mix of collations (utf8mb4_unicode_ci,IMPLICIT) and (utf8mb4_0900_ai_ci,IMPLICIT) for operation '=' (SQL: update `categories` set `_lft` = case when `_lft` >= 16 then `_lft`+2 else `_lft` end, `_rgt` = case when `_rgt` >= 16 then `_rgt`+2 else `_rgt` end where (`_lft` >= 16 or `_rgt` >= 16)) at C:\\Users\\xokit\\OneDrive\\Documentos\\Jarvis_Mind\\Faculdade\\OPE\\vendor\\laravel\\framework\\src\\Illuminate\\Database\\Connection.php:671)
[stacktrace]
#0 C:\\Users\\xokit\\OneDrive\\Documentos\\Jarvis_Mind\\Faculdade\\OPE\\vendor\\laravel\\framework\\src\\Illuminate\\Database\\Connection.php(631): Illuminate\\Database\\Connection->runQueryCallback('update `categor...', Array, Object(Closure))
#1 C:\\Users\\xokit\\OneDrive\\Documentos\\Jarvis_Mind\\Faculdade\\OPE\\vendor\\laravel\\framework\\src\\Illuminate\\Database\\Connection.php(496): Illuminate\\Database\\Connection->run('update `categor...', Array, Object(Closure))
#2 C:\\Users\\xokit\\OneDrive\\Documentos\\Jarvis_Mind\\Faculdade\\OPE\\vendor\\laravel\\framework\\src\\Illuminate\\Database\\Connection.php(429): Illuminate\\Database\\Connection->affectingStatement('update `categor...', Array)
#3 C:\\Users\\xokit\\OneDrive\\Documentos\\Jarvis_Mind\\Faculdade\\OPE\\vendor\\laravel\\framework\\src\\Illuminate\\Database\\Query\\Builder.php(2870): Illuminate\\Database\\Connection->update('update `categor...', Array)
#4 C:\\Users\\xokit\\OneDrive\\Documentos\\Jarvis_Mind\\Faculdade\\OPE\\vendor\\kalnoy\
estedset\\src\\QueryBuilder.php(603): Illuminate\\Database\\Query\\Builder->update(Array)
#5 C:\\Users\\xokit\\OneDrive\\Documentos\\Jarvis_Mind\\Faculdade\\OPE\\vendor\\kalnoy\
estedset\\src\\NodeTrait.php(609): Kalnoy\\Nestedset\\QueryBuilder->makeGap(16, 2)
#6 C:\\Users\\xokit\\OneDrive\\Documentos\\Jarvis_Mind\\Faculdade\\OPE\\vendor\\kalnoy\
estedset\\src\\NodeTrait.php(574): Webkul\\Category\\Models\\Category->insertNode(16)
#7 C:\\Users\\xokit\\OneDrive\\Documentos\\Jarvis_Mind\\Faculdade\\OPE\\vendor\\kalnoy\
estedset\\src\\NodeTrait.php(171): Webkul\\Category\\Models\\Category->insertAt(16)
#8 [internal function]: Webkul\\Category\\Models\\Category->actionAppendOrPrepend(Object(Webkul\\Category\\Models\\Category), false)
#9 C:\\Users\\xokit\\OneDrive\\Documentos\\Jarvis_Mind\\Faculdade\\OPE\\vendor\\kalnoy\
estedset\\src\\NodeTrait.php(102): call_user_func_array(Array, Array)
#10 C:\\Users\\xokit\\OneDrive\\Documentos\\Jarvis_Mind\\Faculdade\\OPE\\vendor\\kalnoy\
estedset\\src\\NodeTrait.php(47): Webkul\\Category\\Models\\Category->callPendingAction()
#11 C:\\Users\\xokit\\OneDrive\\Documentos\\Jarvis_Mind\\Faculdade\\OPE\\vendor\\laravel\\framework\\src\\Illuminate\\Events\\Dispatcher.php(381): Webkul\\Category\\Models\\Category::Kalnoy\\Nestedset\\{closure}(Object(Webkul\\Category\\Models\\Category))
#12 C:\\Users\\xokit\\OneDrive\\Documentos\\Jarvis_Mind\\Faculdade\\OPE\\vendor\\laravel\\framework\\src\\Illuminate\\Events\\Dispatcher.php(226): Illuminate\\Events\\Dispatcher->Illuminate\\Events\\{closure}('eloquent.saving...', Array)
#13 C:\\Users\\xokit\\OneDrive\\Documentos\\Jarvis_Mind\\Faculdade\\OPE\\vendor\\laravel\\framework\\src\\Illuminate\\Events\\Dispatcher.php(199): Illuminate\\Events\\Dispatcher->dispatch('eloquent.saving...', Array, true)
#14 C:\\Users\\xokit\\OneDrive\\Documentos\\Jarvis_Mind\\Faculdade\\OPE\\vendor\\laravel\\framework\\src\\Illuminate\\Database\\Eloquent\\Concerns\\HasEvents.php(189): Illuminate\\Events\\Dispatcher->until('eloquent.saving...', Object(Webkul\\Category\\Models\\Category))
#15 C:\\Users\\xokit\\OneDrive\\Documentos\\Jarvis_Mind\\Faculdade\\OPE\\vendor\\laravel\\framework\\src\\Illuminate\\Database\\Eloquent\\Model.php(714): Illuminate\\Database\\Eloquent\\Model->fireModelEvent('saving')
#16 C:\\Users\\xokit\\OneDrive\\Documentos\\Jarvis_Mind\\Faculdade\\OPE\\vendor\\kalnoy\
estedset\\src\\NodeTrait.php(764): Illuminate\\Database\\Eloquent\\Model->save()
#17 C:\\Users\\xokit\\OneDrive\\Documentos\\Jarvis_Mind\\Faculdade\\OPE\\packages\\Webkul\\Category\\src\\Repositories\\CategoryRepository.php(47): Webkul\\Category\\Models\\Category::create(Array)
#18 C:\\Users\\xokit\\OneDrive\\Documentos\\Jarvis_Mind\\Faculdade\\OPE\\packages\\Webkul\\Category\\src\\Http\\Controllers\\CategoryController.php(90): Webkul\\Category\\Repositories\\CategoryRepository->create(Array)
#19 C:\\Users\\xokit\\OneDrive\\Documentos\\Jarvis_Mind\\Faculdade\\OPE\\vendor\\laravel\\framework\\src\\Illuminate\\Routing\\Controller.php(54): Webkul\\Category\\Http\\Controllers\\CategoryController->store(Array)
#20 C:\\Users\\xokit\\OneDrive\\Documentos\\Jarvis_Mind\\Faculdade\\OPE\\vendor\\laravel\\framework\\src\\Illuminate\\Routing\\ControllerDispatcher.php(45): Illuminate\\Routing\\Controller->callAction('store', Array)
#21 C:\\Users\\xokit\\OneDrive\\Documentos\\Jarvis_Mind\\Faculdade\\OPE\\vendor\\laravel\\framework\\src\\Illuminate\\Routing\\Route.php(239): Illuminate\\Routing\\ControllerDispatcher->dispatch(Object(Illuminate\\Routing\\Route), Object(Webkul\\Category\\Http\\Controllers\\CategoryController), 'store')
#22 C:\\Users\\xokit\\OneDrive\\Documentos\\Jarvis_Mind\\Faculdade\\OPE\\vendor\\laravel\\framework\\src\\Illuminate\\Routing\\Route.php(196): Illuminate\\Routing\\Route->runController()
#23 C:\\Users\\xokit\\OneDrive\\Documentos\\Jarvis_Mind\\Faculdade\\OPE\\vendor\\laravel\\framework\\src\\Illuminate\\Routing\\Router.php(685): Illuminate\\Routing\\Route->run()
#24 C:\\Users\\xokit\\OneDrive\\Documentos\\Jarvis_Mind\\Faculdade\\OPE\\vendor\\laravel\\framework\\src\\Illuminate\\Pipeline\\Pipeline.php(128): Illuminate\\Routing\\Router->Illuminate\\Routing\\{closure}(Object(Illuminate\\Http\\Request))
#25 C:\\Users\\xokit\\OneDrive\\Documentos\\Jarvis_Mind\\Faculdade\\OPE\\packages\\Webkul\\User\\src\\Http\\Middleware\\Bouncer.php(27): Illuminate\\Pipeline\\Pipeline->Illuminate\\Pipeline\\{closure}(Object(Illuminate\\Http\\Request))
#26 C:\\Users\\xokit\\OneDrive\\Documentos\\Jarvis_Mind\\Faculdade\\OPE\\vendor\\laravel\\framework\\src\\Illuminate\\Pipeline\\Pipeline.php(167): Webkul\\User\\Http\\Middleware\\Bouncer->handle(Object(Illuminate\\Http\\Request), Object(Closure))
#27 C:\\Users\\xokit\\OneDrive\\Documentos\\Jarvis_Mind\\Faculdade\\OPE\\vendor\\laravel\\framework\\src\\Illuminate\\Routing\\Middleware\\SubstituteBindings.php(41): Illuminate\\Pipeline\\Pipeline->Illuminate\\Pipeline\\{closure}(Object(Illuminate\\Http\\Request))
#28 C:\\Users\\xokit\\OneDrive\\Documentos\\Jarvis_Mind\\Faculdade\\OPE\\vendor\\laravel\\framework\\src\\Illuminate\\Pipeline\\Pipeline.php(167): Illuminate\\Routing\\Middleware\\SubstituteBindings->handle(Object(Illuminate\\Http\\Request), Object(Closure))
#29 C:\\Users\\xokit\\OneDrive\\Documentos\\Jarvis_Mind\\Faculdade\\OPE\\vendor\\laravel\\framework\\src\\Illuminate\\Foundation\\Http\\Middleware\\VerifyCsrfToken.php(78): Illuminate\\Pipeline\\Pipeline->Illuminate\\Pipeline\\{closure}(Object(Illuminate\\Http\\Request))
#30 C:\\Users\\xokit\\OneDrive\\Documentos\\Jarvis_Mind\\Faculdade\\OPE\\vendor\\laravel\\framework\\src\\Illuminate\\Pipeline\\Pipeline.php(167): Illuminate\\Foundation\\Http\\Middleware\\VerifyCsrfToken->handle(Object(Illuminate\\Http\\Request), Object(Closure))
#31 C:\\Users\\xokit\\OneDrive\\Documentos\\Jarvis_Mind\\Faculdade\\OPE\\vendor\\laravel\\framework\\src\\Illuminate\\Session\\Middleware\\AuthenticateSession.php(39): Illuminate\\Pipeline\\Pipeline->Illuminate\\Pipeline\\{closure}(Object(Illuminate\\Http\\Request))
#32 C:\\Users\\xokit\\OneDrive\\Documentos\\Jarvis_Mind\\Faculdade\\OPE\\vendor\\laravel\\framework\\src\\Illuminate\\Pipeline\\Pipeline.php(167): Illuminate\\Session\\Middleware\\AuthenticateSession->handle(Object(Illuminate\\Http\\Request), Object(Closure))
#33 C:\\Users\\xokit\\OneDrive\\Documentos\\Jarvis_Mind\\Faculdade\\OPE\\vendor\\laravel\\framework\\src\\Illuminate\\View\\Middleware\\ShareErrorsFromSession.php(49): Illuminate\\Pipeline\\Pipeline->Illuminate\\Pipeline\\{closure}(Object(Illuminate\\Http\\Request))
#34 C:\\Users\\xokit\\OneDrive\\Documentos\\Jarvis_Mind\\Faculdade\\OPE\\vendor\\laravel\\framework\\src\\Illuminate\\Pipeline\\Pipeline.php(167): Illuminate\\View\\Middleware\\ShareErrorsFromSession->handle(Object(Illuminate\\Http\\Request), Object(Closure))
#35 C:\\Users\\xokit\\OneDrive\\Documentos\\Jarvis_Mind\\Faculdade\\OPE\\vendor\\laravel\\framework\\src\\Illuminate\\Pipeline\\Pipeline.php(103): Illuminate\\Pipeline\\Pipeline->Illuminate\\Pipeline\\{closure}(Object(Illuminate\\Http\\Request))
#36 C:\\Users\\xokit\\OneDrive\\Documentos\\Jarvis_Mind\\Faculdade\\OPE\\vendor\\laravel\\framework\\src\\Illuminate\\Routing\\Router.php(687): Illuminate\\Pipeline\\Pipeline->then(Object(Closure))
#37 C:\\Users\\xokit\\OneDrive\\Documentos\\Jarvis_Mind\\Faculdade\\OPE\\vendor\\laravel\\framework\\src\\Illuminate\\Routing\\Router.php(662): Illuminate\\Routing\\Router->runRouteWithinStack(Object(Illuminate\\Routing\\Route), Object(Illuminate\\Http\\Request))
#38 C:\\Users\\xokit\\OneDrive\\Documentos\\Jarvis_Mind\\Faculdade\\OPE\\vendor\\laravel\\framework\\src\\Illuminate\\Routing\\Router.php(628): Illuminate\\Routing\\Router->runRoute(Object(Illuminate\\Http\\Request), Object(Illuminate\\Routing\\Route))
#39 C:\\Users\\xokit\\OneDrive\\Documentos\\Jarvis_Mind\\Faculdade\\OPE\\vendor\\laravel\\framework\\src\\Illuminate\\Routing\\Router.php(617): Illuminate\\Routing\\Router->dispatchToRoute(Object(Illuminate\\Http\\Request))
#40 C:\\Users\\xokit\\OneDrive\\Documentos\\Jarvis_Mind\\Faculdade\\OPE\\vendor\\laravel\\framework\\src\\Illuminate\\Foundation\\Http\\Kernel.php(165): Illuminate\\Routing\\Router->dispatch(Object(Illuminate\\Http\\Request))
#41 C:\\Users\\xokit\\OneDrive\\Documentos\\Jarvis_Mind\\Faculdade\\OPE\\vendor\\laravel\\framework\\src\\Illuminate\\Pipeline\\Pipeline.php(128): Illuminate\\Foundation\\Http\\Kernel->Illuminate\\Foundation\\Http\\{closure}(Object(Illuminate\\Http\\Request))
#42 C:\\Users\\xokit\\OneDrive\\Documentos\\Jarvis_Mind\\Faculdade\\OPE\\vendor\\barryvdh\\laravel-debugbar\\src\\Middleware\\InjectDebugbar.php(67): Illuminate\\Pipeline\\Pipeline->Illuminate\\Pipeline\\{closure}(Object(Illuminate\\Http\\Request))
#43 C:\\Users\\xokit\\OneDrive\\Documentos\\Jarvis_Mind\\Faculdade\\OPE\\vendor\\laravel\\framework\\src\\Illuminate\\Pipeline\\Pipeline.php(167): Barryvdh\\Debugbar\\Middleware\\InjectDebugbar->handle(Object(Illuminate\\Http\\Request), Object(Closure))
#44 C:\\Users\\xokit\\OneDrive\\Documentos\\Jarvis_Mind\\Faculdade\\OPE\\vendor\\laravel\\framework\\src\\Illuminate\\Session\\Middleware\\StartSession.php(116): Illuminate\\Pipeline\\Pipeline->Illuminate\\Pipeline\\{closure}(Object(Illuminate\\Http\\Request))
#45 C:\\Users\\xokit\\OneDrive\\Documentos\\Jarvis_Mind\\Faculdade\\OPE\\vendor\\laravel\\framework\\src\\Illuminate\\Session\\Middleware\\StartSession.php(62): Illuminate\\Session\\Middleware\\StartSession->handleStatefulRequest(Object(Illuminate\\Http\\Request), Object(Illuminate\\Session\\Store), Object(Closure))
#46 C:\\Users\\xokit\\OneDrive\\Documentos\\Jarvis_Mind\\Faculdade\\OPE\\vendor\\laravel\\framework\\src\\Illuminate\\Pipeline\\Pipeline.php(167): Illuminate\\Session\\Middleware\\StartSession->handle(Object(Illuminate\\Http\\Request), Object(Closure))
#47 C:\\Users\\xokit\\OneDrive\\Documentos\\Jarvis_Mind\\Faculdade\\OPE\\vendor\\laravel\\framework\\src\\Illuminate\\Cookie\\Middleware\\AddQueuedCookiesToResponse.php(37): Illuminate\\Pipeline\\Pipeline->Illuminate\\Pipeline\\{closure}(Object(Illuminate\\Http\\Request))
#48 C:\\Users\\xokit\\OneDrive\\Documentos\\Jarvis_Mind\\Faculdade\\OPE\\vendor\\laravel\\framework\\src\\Illuminate\\Pipeline\\Pipeline.php(167): Illuminate\\Cookie\\Middleware\\AddQueuedCookiesToResponse->handle(Object(Illuminate\\Http\\Request), Object(Closure))
#49 C:\\Users\\xokit\\OneDrive\\Documentos\\Jarvis_Mind\\Faculdade\\OPE\\vendor\\laravel\\framework\\src\\Illuminate\\Cookie\\Middleware\\EncryptCookies.php(67): Illuminate\\Pipeline\\Pipeline->Illuminate\\Pipeline\\{closure}(Object(Illuminate\\Http\\Request))
#50 C:\\Users\\xokit\\OneDrive\\Documentos\\Jarvis_Mind\\Faculdade\\OPE\\vendor\\laravel\\framework\\src\\Illuminate\\Pipeline\\Pipeline.php(167): Illuminate\\Cookie\\Middleware\\EncryptCookies->handle(Object(Illuminate\\Http\\Request), Object(Closure))
#51 C:\\Users\\xokit\\OneDrive\\Documentos\\Jarvis_Mind\\Faculdade\\OPE\\packages\\Webkul\\Core\\src\\Http\\Middleware\\CheckForMaintenanceMode.php(117): Illuminate\\Pipeline\\Pipeline->Illuminate\\Pipeline\\{closure}(Object(Illuminate\\Http\\Request))
#52 C:\\Users\\xokit\\OneDrive\\Documentos\\Jarvis_Mind\\Faculdade\\OPE\\vendor\\laravel\\framework\\src\\Illuminate\\Pipeline\\Pipeline.php(167): Webkul\\Core\\Http\\Middleware\\CheckForMaintenanceMode->handle(Object(Illuminate\\Http\\Request), Object(Closure))
#53 C:\\Users\\xokit\\OneDrive\\Documentos\\Jarvis_Mind\\Faculdade\\OPE\\vendor\\laravel\\framework\\src\\Illuminate\\Pipeline\\Pipeline.php(103): Illuminate\\Pipeline\\Pipeline->Illuminate\\Pipeline\\{closure}(Object(Illuminate\\Http\\Request))
#54 C:\\Users\\xokit\\OneDrive\\Documentos\\Jarvis_Mind\\Faculdade\\OPE\\vendor\\laravel\\framework\\src\\Illuminate\\Foundation\\Http\\Kernel.php(140): Illuminate\\Pipeline\\Pipeline->then(Object(Closure))
#55 C:\\Users\\xokit\\OneDrive\\Documentos\\Jarvis_Mind\\Faculdade\\OPE\\vendor\\laravel\\framework\\src\\Illuminate\\Foundation\\Http\\Kernel.php(109): Illuminate\\Foundation\\Http\\Kernel->sendRequestThroughRouter(Object(Illuminate\\Http\\Request))
#56 C:\\Users\\xokit\\OneDrive\\Documentos\\Jarvis_Mind\\Faculdade\\OPE\\public\\index.php(74): Illuminate\\Foundation\\Http\\Kernel->handle(Object(Illuminate\\Http\\Request))
#57 C:\\Users\\xokit\\OneDrive\\Documentos\\Jarvis_Mind\\Faculdade\\OPE\\server.php(21): require_once('C:\\\\Users\\\\xokit\\\\...')
#58 {main}

[previous exception] [object] (Doctrine\\DBAL\\Driver\\PDOException(code: HY000): SQLSTATE[HY000]: General error: 1267 Illegal mix of collations (utf8mb4_unicode_ci,IMPLICIT) and (utf8mb4_0900_ai_ci,IMPLICIT) for operation '=' at C:\\Users\\xokit\\OneDrive\\Documentos\\Jarvis_Mind\\Faculdade\\OPE\\vendor\\doctrine\\dbal\\lib\\Doctrine\\DBAL\\Driver\\PDOStatement.php:119)
[stacktrace]
#0 C:\\Users\\xokit\\OneDrive\\Documentos\\Jarvis_Mind\\Faculdade\\OPE\\vendor\\laravel\\framework\\src\\Illuminate\\Database\\Connection.php(489): Doctrine\\DBAL\\Driver\\PDOStatement->execute()
#1 C:\\Users\\xokit\\OneDrive\\Documentos\\Jarvis_Mind\\Faculdade\\OPE\\vendor\\laravel\\framework\\src\\Illuminate\\Database\\Connection.php(664): Illuminate\\Database\\Connection->Illuminate\\Database\\{closure}('update `categor...', Array)
#2 C:\\Users\\xokit\\OneDrive\\Documentos\\Jarvis_Mind\\Faculdade\\OPE\\vendor\\laravel\\framework\\src\\Illuminate\\Database\\Connection.php(631): Illuminate\\Database\\Connection->runQueryCallback('update `categor...', Array, Object(Closure))
#3 C:\\Users\\xokit\\OneDrive\\Documentos\\Jarvis_Mind\\Faculdade\\OPE\\vendor\\laravel\\framework\\src\\Illuminate\\Database\\Connection.php(496): Illuminate\\Database\\Connection->run('update `categor...', Array, Object(Closure))
#4 C:\\Users\\xokit\\OneDrive\\Documentos\\Jarvis_Mind\\Faculdade\\OPE\\vendor\\laravel\\framework\\src\\Illuminate\\Database\\Connection.php(429): Illuminate\\Database\\Connection->affectingStatement('update `categor...', Array)
#5 C:\\Users\\xokit\\OneDrive\\Documentos\\Jarvis_Mind\\Faculdade\\OPE\\vendor\\laravel\\framework\\src\\Illuminate\\Database\\Query\\Builder.php(2870): Illuminate\\Database\\Connection->update('update `categor...', Array)
#6 C:\\Users\\xokit\\OneDrive\\Documentos\\Jarvis_Mind\\Faculdade\\OPE\\vendor\\kalnoy\
estedset\\src\\QueryBuilder.php(603): Illuminate\\Database\\Query\\Builder->update(Array)
#7 C:\\Users\\xokit\\OneDrive\\Documentos\\Jarvis_Mind\\Faculdade\\OPE\\vendor\\kalnoy\
estedset\\src\\NodeTrait.php(609): Kalnoy\\Nestedset\\QueryBuilder->makeGap(16, 2)
#8 C:\\Users\\xokit\\OneDrive\\Documentos\\Jarvis_Mind\\Faculdade\\OPE\\vendor\\kalnoy\
estedset\\src\\NodeTrait.php(574): Webkul\\Category\\Models\\Category->insertNode(16)
#9 C:\\Users\\xokit\\OneDrive\\Documentos\\Jarvis_Mind\\Faculdade\\OPE\\vendor\\kalnoy\
estedset\\src\\NodeTrait.php(171): Webkul\\Category\\Models\\Category->insertAt(16)
#10 [internal function]: Webkul\\Category\\Models\\Category->actionAppendOrPrepend(Object(Webkul\\Category\\Models\\Category), false)
#11 C:\\Users\\xokit\\OneDrive\\Documentos\\Jarvis_Mind\\Faculdade\\OPE\\vendor\\kalnoy\
estedset\\src\\NodeTrait.php(102): call_user_func_array(Array, Array)
#12 C:\\Users\\xokit\\OneDrive\\Documentos\\Jarvis_Mind\\Faculdade\\OPE\\vendor\\kalnoy\
estedset\\src\\NodeTrait.php(47): Webkul\\Category\\Models\\Category->callPendingAction()
#13 C:\\Users\\xokit\\OneDrive\\Documentos\\Jarvis_Mind\\Faculdade\\OPE\\vendor\\laravel\\framework\\src\\Illuminate\\Events\\Dispatcher.php(381): Webkul\\Category\\Models\\Category::Kalnoy\\Nestedset\\{closure}(Object(Webkul\\Category\\Models\\Category))
#14 C:\\Users\\xokit\\OneDrive\\Documentos\\Jarvis_Mind\\Faculdade\\OPE\\vendor\\laravel\\framework\\src\\Illuminate\\Events\\Dispatcher.php(226): Illuminate\\Events\\Dispatcher->Illuminate\\Events\\{closure}('eloquent.saving...', Array)
#15 C:\\Users\\xokit\\OneDrive\\Documentos\\Jarvis_Mind\\Faculdade\\OPE\\vendor\\laravel\\framework\\src\\Illuminate\\Events\\Dispatcher.php(199): Illuminate\\Events\\Dispatcher->dispatch('eloquent.saving...', Array, true)
#16 C:\\Users\\xokit\\OneDrive\\Documentos\\Jarvis_Mind\\Faculdade\\OPE\\vendor\\laravel\\framework\\src\\Illuminate\\Database\\Eloquent\\Concerns\\HasEvents.php(189): Illuminate\\Events\\Dispatcher->until('eloquent.saving...', Object(Webkul\\Category\\Models\\Category))
#17 C:\\Users\\xokit\\OneDrive\\Documentos\\Jarvis_Mind\\Faculdade\\OPE\\vendor\\laravel\\framework\\src\\Illuminate\\Database\\Eloquent\\Model.php(714): Illuminate\\Database\\Eloquent\\Model->fireModelEvent('saving')
#18 C:\\Users\\xokit\\OneDrive\\Documentos\\Jarvis_Mind\\Faculdade\\OPE\\vendor\\kalnoy\
estedset\\src\\NodeTrait.php(764): Illuminate\\Database\\Eloquent\\Model->save()
#19 C:\\Users\\xokit\\OneDrive\\Documentos\\Jarvis_Mind\\Faculdade\\OPE\\packages\\Webkul\\Category\\src\\Repositories\\CategoryRepository.php(47): Webkul\\Category\\Models\\Category::create(Array)
#20 C:\\Users\\xokit\\OneDrive\\Documentos\\Jarvis_Mind\\Faculdade\\OPE\\packages\\Webkul\\Category\\src\\Http\\Controllers\\CategoryController.php(90): Webkul\\Category\\Repositories\\CategoryRepository->create(Array)
#21 C:\\Users\\xokit\\OneDrive\\Documentos\\Jarvis_Mind\\Faculdade\\OPE\\vendor\\laravel\\framework\\src\\Illuminate\\Routing\\Controller.php(54): Webkul\\Category\\Http\\Controllers\\CategoryController->store(Array)
#22 C:\\Users\\xokit\\OneDrive\\Documentos\\Jarvis_Mind\\Faculdade\\OPE\\vendor\\laravel\\framework\\src\\Illuminate\\Routing\\ControllerDispatcher.php(45): Illuminate\\Routing\\Controller->callAction('store', Array)
#23 C:\\Users\\xokit\\OneDrive\\Documentos\\Jarvis_Mind\\Faculdade\\OPE\\vendor\\laravel\\framework\\src\\Illuminate\\Routing\\Route.php(239): Illuminate\\Routing\\ControllerDispatcher->dispatch(Object(Illuminate\\Routing\\Route), Object(Webkul\\Category\\Http\\Controllers\\CategoryController), 'store')
#24 C:\\Users\\xokit\\OneDrive\\Documentos\\Jarvis_Mind\\Faculdade\\OPE\\vendor\\laravel\\framework\\src\\Illuminate\\Routing\\Route.php(196): Illuminate\\Routing\\Route->runController()
#25 C:\\Users\\xokit\\OneDrive\\Documentos\\Jarvis_Mind\\Faculdade\\OPE\\vendor\\laravel\\framework\\src\\Illuminate\\Routing\\Router.php(685): Illuminate\\Routing\\Route->run()
#26 C:\\Users\\xokit\\OneDrive\\Documentos\\Jarvis_Mind\\Faculdade\\OPE\\vendor\\laravel\\framework\\src\\Illuminate\\Pipeline\\Pipeline.php(128): Illuminate\\Routing\\Router->Illuminate\\Routing\\{closure}(Object(Illuminate\\Http\\Request))
#27 C:\\Users\\xokit\\OneDrive\\Documentos\\Jarvis_Mind\\Faculdade\\OPE\\packages\\Webkul\\User\\src\\Http\\Middleware\\Bouncer.php(27): Illuminate\\Pipeline\\Pipeline->Illuminate\\Pipeline\\{closure}(Object(Illuminate\\Http\\Request))
#28 C:\\Users\\xokit\\OneDrive\\Documentos\\Jarvis_Mind\\Faculdade\\OPE\\vendor\\laravel\\framework\\src\\Illuminate\\Pipeline\\Pipeline.php(167): Webkul\\User\\Http\\Middleware\\Bouncer->handle(Object(Illuminate\\Http\\Request), Object(Closure))
#29 C:\\Users\\xokit\\OneDrive\\Documentos\\Jarvis_Mind\\Faculdade\\OPE\\vendor\\laravel\\framework\\src\\Illuminate\\Routing\\Middleware\\SubstituteBindings.php(41): Illuminate\\Pipeline\\Pipeline->Illuminate\\Pipeline\\{closure}(Object(Illuminate\\Http\\Request))
#30 C:\\Users\\xokit\\OneDrive\\Documentos\\Jarvis_Mind\\Faculdade\\OPE\\vendor\\laravel\\framework\\src\\Illuminate\\Pipeline\\Pipeline.php(167): Illuminate\\Routing\\Middleware\\SubstituteBindings->handle(Object(Illuminate\\Http\\Request), Object(Closure))
#31 C:\\Users\\xokit\\OneDrive\\Documentos\\Jarvis_Mind\\Faculdade\\OPE\\vendor\\laravel\\framework\\src\\Illuminate\\Foundation\\Http\\Middleware\\VerifyCsrfToken.php(78): Illuminate\\Pipeline\\Pipeline->Illuminate\\Pipeline\\{closure}(Object(Illuminate\\Http\\Request))
#32 C:\\Users\\xokit\\OneDrive\\Documentos\\Jarvis_Mind\\Faculdade\\OPE\\vendor\\laravel\\framework\\src\\Illuminate\\Pipeline\\Pipeline.php(167): Illuminate\\Foundation\\Http\\Middleware\\VerifyCsrfToken->handle(Object(Illuminate\\Http\\Request), Object(Closure))
#33 C:\\Users\\xokit\\OneDrive\\Documentos\\Jarvis_Mind\\Faculdade\\OPE\\vendor\\laravel\\framework\\src\\Illuminate\\Session\\Middleware\\AuthenticateSession.php(39): Illuminate\\Pipeline\\Pipeline->Illuminate\\Pipeline\\{closure}(Object(Illuminate\\Http\\Request))
#34 C:\\Users\\xokit\\OneDrive\\Documentos\\Jarvis_Mind\\Faculdade\\OPE\\vendor\\laravel\\framework\\src\\Illuminate\\Pipeline\\Pipeline.php(167): Illuminate\\Session\\Middleware\\AuthenticateSession->handle(Object(Illuminate\\Http\\Request), Object(Closure))
#35 C:\\Users\\xokit\\OneDrive\\Documentos\\Jarvis_Mind\\Faculdade\\OPE\\vendor\\laravel\\framework\\src\\Illuminate\\View\\Middleware\\ShareErrorsFromSession.php(49): Illuminate\\Pipeline\\Pipeline->Illuminate\\Pipeline\\{closure}(Object(Illuminate\\Http\\Request))
#36 C:\\Users\\xokit\\OneDrive\\Documentos\\Jarvis_Mind\\Faculdade\\OPE\\vendor\\laravel\\framework\\src\\Illuminate\\Pipeline\\Pipeline.php(167): Illuminate\\View\\Middleware\\ShareErrorsFromSession->handle(Object(Illuminate\\Http\\Request), Object(Closure))
#37 C:\\Users\\xokit\\OneDrive\\Documentos\\Jarvis_Mind\\Faculdade\\OPE\\vendor\\laravel\\framework\\src\\Illuminate\\Pipeline\\Pipeline.php(103): Illuminate\\Pipeline\\Pipeline->Illuminate\\Pipeline\\{closure}(Object(Illuminate\\Http\\Request))
#38 C:\\Users\\xokit\\OneDrive\\Documentos\\Jarvis_Mind\\Faculdade\\OPE\\vendor\\laravel\\framework\\src\\Illuminate\\Routing\\Router.php(687): Illuminate\\Pipeline\\Pipeline->then(Object(Closure))
#39 C:\\Users\\xokit\\OneDrive\\Documentos\\Jarvis_Mind\\Faculdade\\OPE\\vendor\\laravel\\framework\\src\\Illuminate\\Routing\\Router.php(662): Illuminate\\Routing\\Router->runRouteWithinStack(Object(Illuminate\\Routing\\Route), Object(Illuminate\\Http\\Request))
#40 C:\\Users\\xokit\\OneDrive\\Documentos\\Jarvis_Mind\\Faculdade\\OPE\\vendor\\laravel\\framework\\src\\Illuminate\\Routing\\Router.php(628): Illuminate\\Routing\\Router->runRoute(Object(Illuminate\\Http\\Request), Object(Illuminate\\Routing\\Route))
#41 C:\\Users\\xokit\\OneDrive\\Documentos\\Jarvis_Mind\\Faculdade\\OPE\\vendor\\laravel\\framework\\src\\Illuminate\\Routing\\Router.php(617): Illuminate\\Routing\\Router->dispatchToRoute(Object(Illuminate\\Http\\Request))
#42 C:\\Users\\xokit\\OneDrive\\Documentos\\Jarvis_Mind\\Faculdade\\OPE\\vendor\\laravel\\framework\\src\\Illuminate\\Foundation\\Http\\Kernel.php(165): Illuminate\\Routing\\Router->dispatch(Object(Illuminate\\Http\\Request))
#43 C:\\Users\\xokit\\OneDrive\\Documentos\\Jarvis_Mind\\Faculdade\\OPE\\vendor\\laravel\\framework\\src\\Illuminate\\Pipeline\\Pipeline.php(128): Illuminate\\Foundation\\Http\\Kernel->Illuminate\\Foundation\\Http\\{closure}(Object(Illuminate\\Http\\Request))
#44 C:\\Users\\xokit\\OneDrive\\Documentos\\Jarvis_Mind\\Faculdade\\OPE\\vendor\\barryvdh\\laravel-debugbar\\src\\Middleware\\InjectDebugbar.php(67): Illuminate\\Pipeline\\Pipeline->Illuminate\\Pipeline\\{closure}(Object(Illuminate\\Http\\Request))
#45 C:\\Users\\xokit\\OneDrive\\Documentos\\Jarvis_Mind\\Faculdade\\OPE\\vendor\\laravel\\framework\\src\\Illuminate\\Pipeline\\Pipeline.php(167): Barryvdh\\Debugbar\\Middleware\\InjectDebugbar->handle(Object(Illuminate\\Http\\Request), Object(Closure))
#46 C:\\Users\\xokit\\OneDrive\\Documentos\\Jarvis_Mind\\Faculdade\\OPE\\vendor\\laravel\\framework\\src\\Illuminate\\Session\\Middleware\\StartSession.php(116): Illuminate\\Pipeline\\Pipeline->Illuminate\\Pipeline\\{closure}(Object(Illuminate\\Http\\Request))
#47 C:\\Users\\xokit\\OneDrive\\Documentos\\Jarvis_Mind\\Faculdade\\OPE\\vendor\\laravel\\framework\\src\\Illuminate\\Session\\Middleware\\StartSession.php(62): Illuminate\\Session\\Middleware\\StartSession->handleStatefulRequest(Object(Illuminate\\Http\\Request), Object(Illuminate\\Session\\Store), Object(Closure))
#48 C:\\Users\\xokit\\OneDrive\\Documentos\\Jarvis_Mind\\Faculdade\\OPE\\vendor\\laravel\\framework\\src\\Illuminate\\Pipeline\\Pipeline.php(167): Illuminate\\Session\\Middleware\\StartSession->handle(Object(Illuminate\\Http\\Request), Object(Closure))
#49 C:\\Users\\xokit\\OneDrive\\Documentos\\Jarvis_Mind\\Faculdade\\OPE\\vendor\\laravel\\framework\\src\\Illuminate\\Cookie\\Middleware\\AddQueuedCookiesToResponse.php(37): Illuminate\\Pipeline\\Pipeline->Illuminate\\Pipeline\\{closure}(Object(Illuminate\\Http\\Request))
#50 C:\\Users\\xokit\\OneDrive\\Documentos\\Jarvis_Mind\\Faculdade\\OPE\\vendor\\laravel\\framework\\src\\Illuminate\\Pipeline\\Pipeline.php(167): Illuminate\\Cookie\\Middleware\\AddQueuedCookiesToResponse->handle(Object(Illuminate\\Http\\Request), Object(Closure))
#51 C:\\Users\\xokit\\OneDrive\\Documentos\\Jarvis_Mind\\Faculdade\\OPE\\vendor\\laravel\\framework\\src\\Illuminate\\Cookie\\Middleware\\EncryptCookies.php(67): Illuminate\\Pipeline\\Pipeline->Illuminate\\Pipeline\\{closure}(Object(Illuminate\\Http\\Request))
#52 C:\\Users\\xokit\\OneDrive\\Documentos\\Jarvis_Mind\\Faculdade\\OPE\\vendor\\laravel\\framework\\src\\Illuminate\\Pipeline\\Pipeline.php(167): Illuminate\\Cookie\\Middleware\\EncryptCookies->handle(Object(Illuminate\\Http\\Request), Object(Closure))
#53 C:\\Users\\xokit\\OneDrive\\Documentos\\Jarvis_Mind\\Faculdade\\OPE\\packages\\Webkul\\Core\\src\\Http\\Middleware\\CheckForMaintenanceMode.php(117): Illuminate\\Pipeline\\Pipeline->Illuminate\\Pipeline\\{closure}(Object(Illuminate\\Http\\Request))
#54 C:\\Users\\xokit\\OneDrive\\Documentos\\Jarvis_Mind\\Faculdade\\OPE\\vendor\\laravel\\framework\\src\\Illuminate\\Pipeline\\Pipeline.php(167): Webkul\\Core\\Http\\Middleware\\CheckForMaintenanceMode->handle(Object(Illuminate\\Http\\Request), Object(Closure))
#55 C:\\Users\\xokit\\OneDrive\\Documentos\\Jarvis_Mind\\Faculdade\\OPE\\vendor\\laravel\\framework\\src\\Illuminate\\Pipeline\\Pipeline.php(103): Illuminate\\Pipeline\\Pipeline->Illuminate\\Pipeline\\{closure}(Object(Illuminate\\Http\\Request))
#56 C:\\Users\\xokit\\OneDrive\\Documentos\\Jarvis_Mind\\Faculdade\\OPE\\vendor\\laravel\\framework\\src\\Illuminate\\Foundation\\Http\\Kernel.php(140): Illuminate\\Pipeline\\Pipeline->then(Object(Closure))
#57 C:\\Users\\xokit\\OneDrive\\Documentos\\Jarvis_Mind\\Faculdade\\OPE\\vendor\\laravel\\framework\\src\\Illuminate\\Foundation\\Http\\Kernel.php(109): Illuminate\\Foundation\\Http\\Kernel->sendRequestThroughRouter(Object(Illuminate\\Http\\Request))
#58 C:\\Users\\xokit\\OneDrive\\Documentos\\Jarvis_Mind\\Faculdade\\OPE\\public\\index.php(74): Illuminate\\Foundation\\Http\\Kernel->handle(Object(Illuminate\\Http\\Request))
#59 C:\\Users\\xokit\\OneDrive\\Documentos\\Jarvis_Mind\\Faculdade\\OPE\\server.php(21): require_once('C:\\\\Users\\\\xokit\\\\...')
#60 {main}

[previous exception] [object] (PDOException(code: HY000): SQLSTATE[HY000]: General error: 1267 Illegal mix of collations (utf8mb4_unicode_ci,IMPLICIT) and (utf8mb4_0900_ai_ci,IMPLICIT) for operation '=' at C:\\Users\\xokit\\OneDrive\\Documentos\\Jarvis_Mind\\Faculdade\\OPE\\vendor\\doctrine\\dbal\\lib\\Doctrine\\DBAL\\Driver\\PDOStatement.php:117)
[stacktrace]
#0 C:\\Users\\xokit\\OneDrive\\Documentos\\Jarvis_Mind\\Faculdade\\OPE\\vendor\\doctrine\\dbal\\lib\\Doctrine\\DBAL\\Driver\\PDOStatement.php(117): PDOStatement->execute(NULL)
#1 C:\\Users\\xokit\\OneDrive\\Documentos\\Jarvis_Mind\\Faculdade\\OPE\\vendor\\laravel\\framework\\src\\Illuminate\\Database\\Connection.php(489): Doctrine\\DBAL\\Driver\\PDOStatement->execute()
#2 C:\\Users\\xokit\\OneDrive\\Documentos\\Jarvis_Mind\\Faculdade\\OPE\\vendor\\laravel\\framework\\src\\Illuminate\\Database\\Connection.php(664): Illuminate\\Database\\Connection->Illuminate\\Database\\{closure}('update `categor...', Array)
#3 C:\\Users\\xokit\\OneDrive\\Documentos\\Jarvis_Mind\\Faculdade\\OPE\\vendor\\laravel\\framework\\src\\Illuminate\\Database\\Connection.php(631): Illuminate\\Database\\Connection->runQueryCallback('update `categor...', Array, Object(Closure))
#4 C:\\Users\\xokit\\OneDrive\\Documentos\\Jarvis_Mind\\Faculdade\\OPE\\vendor\\laravel\\framework\\src\\Illuminate\\Database\\Connection.php(496): Illuminate\\Database\\Connection->run('update `categor...', Array, Object(Closure))
#5 C:\\Users\\xokit\\OneDrive\\Documentos\\Jarvis_Mind\\Faculdade\\OPE\\vendor\\laravel\\framework\\src\\Illuminate\\Database\\Connection.php(429): Illuminate\\Database\\Connection->affectingStatement('update `categor...', Array)
#6 C:\\Users\\xokit\\OneDrive\\Documentos\\Jarvis_Mind\\Faculdade\\OPE\\vendor\\laravel\\framework\\src\\Illuminate\\Database\\Query\\Builder.php(2870): Illuminate\\Database\\Connection->update('update `categor...', Array)
#7 C:\\Users\\xokit\\OneDrive\\Documentos\\Jarvis_Mind\\Faculdade\\OPE\\vendor\\kalnoy\
estedset\\src\\QueryBuilder.php(603): Illuminate\\Database\\Query\\Builder->update(Array)
#8 C:\\Users\\xokit\\OneDrive\\Documentos\\Jarvis_Mind\\Faculdade\\OPE\\vendor\\kalnoy\
estedset\\src\\NodeTrait.php(609): Kalnoy\\Nestedset\\QueryBuilder->makeGap(16, 2)
#9 C:\\Users\\xokit\\OneDrive\\Documentos\\Jarvis_Mind\\Faculdade\\OPE\\vendor\\kalnoy\
estedset\\src\\NodeTrait.php(574): Webkul\\Category\\Models\\Category->insertNode(16)
#10 C:\\Users\\xokit\\OneDrive\\Documentos\\Jarvis_Mind\\Faculdade\\OPE\\vendor\\kalnoy\
estedset\\src\\NodeTrait.php(171): Webkul\\Category\\Models\\Category->insertAt(16)
#11 [internal function]: Webkul\\Category\\Models\\Category->actionAppendOrPrepend(Object(Webkul\\Category\\Models\\Category), false)
#12 C:\\Users\\xokit\\OneDrive\\Documentos\\Jarvis_Mind\\Faculdade\\OPE\\vendor\\kalnoy\
estedset\\src\\NodeTrait.php(102): call_user_func_array(Array, Array)
#13 C:\\Users\\xokit\\OneDrive\\Documentos\\Jarvis_Mind\\Faculdade\\OPE\\vendor\\kalnoy\
estedset\\src\\NodeTrait.php(47): Webkul\\Category\\Models\\Category->callPendingAction()
#14 C:\\Users\\xokit\\OneDrive\\Documentos\\Jarvis_Mind\\Faculdade\\OPE\\vendor\\laravel\\framework\\src\\Illuminate\\Events\\Dispatcher.php(381): Webkul\\Category\\Models\\Category::Kalnoy\\Nestedset\\{closure}(Object(Webkul\\Category\\Models\\Category))
#15 C:\\Users\\xokit\\OneDrive\\Documentos\\Jarvis_Mind\\Faculdade\\OPE\\vendor\\laravel\\framework\\src\\Illuminate\\Events\\Dispatcher.php(226): Illuminate\\Events\\Dispatcher->Illuminate\\Events\\{closure}('eloquent.saving...', Array)
#16 C:\\Users\\xokit\\OneDrive\\Documentos\\Jarvis_Mind\\Faculdade\\OPE\\vendor\\laravel\\framework\\src\\Illuminate\\Events\\Dispatcher.php(199): Illuminate\\Events\\Dispatcher->dispatch('eloquent.saving...', Array, true)
#17 C:\\Users\\xokit\\OneDrive\\Documentos\\Jarvis_Mind\\Faculdade\\OPE\\vendor\\laravel\\framework\\src\\Illuminate\\Database\\Eloquent\\Concerns\\HasEvents.php(189): Illuminate\\Events\\Dispatcher->until('eloquent.saving...', Object(Webkul\\Category\\Models\\Category))
#18 C:\\Users\\xokit\\OneDrive\\Documentos\\Jarvis_Mind\\Faculdade\\OPE\\vendor\\laravel\\framework\\src\\Illuminate\\Database\\Eloquent\\Model.php(714): Illuminate\\Database\\Eloquent\\Model->fireModelEvent('saving')
#19 C:\\Users\\xokit\\OneDrive\\Documentos\\Jarvis_Mind\\Faculdade\\OPE\\vendor\\kalnoy\
estedset\\src\\NodeTrait.php(764): Illuminate\\Database\\Eloquent\\Model->save()
#20 C:\\Users\\xokit\\OneDrive\\Documentos\\Jarvis_Mind\\Faculdade\\OPE\\packages\\Webkul\\Category\\src\\Repositories\\CategoryRepository.php(47): Webkul\\Category\\Models\\Category::create(Array)
#21 C:\\Users\\xokit\\OneDrive\\Documentos\\Jarvis_Mind\\Faculdade\\OPE\\packages\\Webkul\\Category\\src\\Http\\Controllers\\CategoryController.php(90): Webkul\\Category\\Repositories\\CategoryRepository->create(Array)
#22 C:\\Users\\xokit\\OneDrive\\Documentos\\Jarvis_Mind\\Faculdade\\OPE\\vendor\\laravel\\framework\\src\\Illuminate\\Routing\\Controller.php(54): Webkul\\Category\\Http\\Controllers\\CategoryController->store(Array)
#23 C:\\Users\\xokit\\OneDrive\\Documentos\\Jarvis_Mind\\Faculdade\\OPE\\vendor\\laravel\\framework\\src\\Illuminate\\Routing\\ControllerDispatcher.php(45): Illuminate\\Routing\\Controller->callAction('store', Array)
#24 C:\\Users\\xokit\\OneDrive\\Documentos\\Jarvis_Mind\\Faculdade\\OPE\\vendor\\laravel\\framework\\src\\Illuminate\\Routing\\Route.php(239): Illuminate\\Routing\\ControllerDispatcher->dispatch(Object(Illuminate\\Routing\\Route), Object(Webkul\\Category\\Http\\Controllers\\CategoryController), 'store')
#25 C:\\Users\\xokit\\OneDrive\\Documentos\\Jarvis_Mind\\Faculdade\\OPE\\vendor\\laravel\\framework\\src\\Illuminate\\Routing\\Route.php(196): Illuminate\\Routing\\Route->runController()
#26 C:\\Users\\xokit\\OneDrive\\Documentos\\Jarvis_Mind\\Faculdade\\OPE\\vendor\\laravel\\framework\\src\\Illuminate\\Routing\\Router.php(685): Illuminate\\Routing\\Route->run()
#27 C:\\Users\\xokit\\OneDrive\\Documentos\\Jarvis_Mind\\Faculdade\\OPE\\vendor\\laravel\\framework\\src\\Illuminate\\Pipeline\\Pipeline.php(128): Illuminate\\Routing\\Router->Illuminate\\Routing\\{closure}(Object(Illuminate\\Http\\Request))
#28 C:\\Users\\xokit\\OneDrive\\Documentos\\Jarvis_Mind\\Faculdade\\OPE\\packages\\Webkul\\User\\src\\Http\\Middleware\\Bouncer.php(27): Illuminate\\Pipeline\\Pipeline->Illuminate\\Pipeline\\{closure}(Object(Illuminate\\Http\\Request))
#29 C:\\Users\\xokit\\OneDrive\\Documentos\\Jarvis_Mind\\Faculdade\\OPE\\vendor\\laravel\\framework\\src\\Illuminate\\Pipeline\\Pipeline.php(167): Webkul\\User\\Http\\Middleware\\Bouncer->handle(Object(Illuminate\\Http\\Request), Object(Closure))
#30 C:\\Users\\xokit\\OneDrive\\Documentos\\Jarvis_Mind\\Faculdade\\OPE\\vendor\\laravel\\framework\\src\\Illuminate\\Routing\\Middleware\\SubstituteBindings.php(41): Illuminate\\Pipeline\\Pipeline->Illuminate\\Pipeline\\{closure}(Object(Illuminate\\Http\\Request))
#31 C:\\Users\\xokit\\OneDrive\\Documentos\\Jarvis_Mind\\Faculdade\\OPE\\vendor\\laravel\\framework\\src\\Illuminate\\Pipeline\\Pipeline.php(167): Illuminate\\Routing\\Middleware\\SubstituteBindings->handle(Object(Illuminate\\Http\\Request), Object(Closure))
#32 C:\\Users\\xokit\\OneDrive\\Documentos\\Jarvis_Mind\\Faculdade\\OPE\\vendor\\laravel\\framework\\src\\Illuminate\\Foundation\\Http\\Middleware\\VerifyCsrfToken.php(78): Illuminate\\Pipeline\\Pipeline->Illuminate\\Pipeline\\{closure}(Object(Illuminate\\Http\\Request))
#33 C:\\Users\\xokit\\OneDrive\\Documentos\\Jarvis_Mind\\Faculdade\\OPE\\vendor\\laravel\\framework\\src\\Illuminate\\Pipeline\\Pipeline.php(167): Illuminate\\Foundation\\Http\\Middleware\\VerifyCsrfToken->handle(Object(Illuminate\\Http\\Request), Object(Closure))
#34 C:\\Users\\xokit\\OneDrive\\Documentos\\Jarvis_Mind\\Faculdade\\OPE\\vendor\\laravel\\framework\\src\\Illuminate\\Session\\Middleware\\AuthenticateSession.php(39): Illuminate\\Pipeline\\Pipeline->Illuminate\\Pipeline\\{closure}(Object(Illuminate\\Http\\Request))
#35 C:\\Users\\xokit\\OneDrive\\Documentos\\Jarvis_Mind\\Faculdade\\OPE\\vendor\\laravel\\framework\\src\\Illuminate\\Pipeline\\Pipeline.php(167): Illuminate\\Session\\Middleware\\AuthenticateSession->handle(Object(Illuminate\\Http\\Request), Object(Closure))
#36 C:\\Users\\xokit\\OneDrive\\Documentos\\Jarvis_Mind\\Faculdade\\OPE\\vendor\\laravel\\framework\\src\\Illuminate\\View\\Middleware\\ShareErrorsFromSession.php(49): Illuminate\\Pipeline\\Pipeline->Illuminate\\Pipeline\\{closure}(Object(Illuminate\\Http\\Request))
#37 C:\\Users\\xokit\\OneDrive\\Documentos\\Jarvis_Mind\\Faculdade\\OPE\\vendor\\laravel\\framework\\src\\Illuminate\\Pipeline\\Pipeline.php(167): Illuminate\\View\\Middleware\\ShareErrorsFromSession->handle(Object(Illuminate\\Http\\Request), Object(Closure))
#38 C:\\Users\\xokit\\OneDrive\\Documentos\\Jarvis_Mind\\Faculdade\\OPE\\vendor\\laravel\\framework\\src\\Illuminate\\Pipeline\\Pipeline.php(103): Illuminate\\Pipeline\\Pipeline->Illuminate\\Pipeline\\{closure}(Object(Illuminate\\Http\\Request))
#39 C:\\Users\\xokit\\OneDrive\\Documentos\\Jarvis_Mind\\Faculdade\\OPE\\vendor\\laravel\\framework\\src\\Illuminate\\Routing\\Router.php(687): Illuminate\\Pipeline\\Pipeline->then(Object(Closure))
#40 C:\\Users\\xokit\\OneDrive\\Documentos\\Jarvis_Mind\\Faculdade\\OPE\\vendor\\laravel\\framework\\src\\Illuminate\\Routing\\Router.php(662): Illuminate\\Routing\\Router->runRouteWithinStack(Object(Illuminate\\Routing\\Route), Object(Illuminate\\Http\\Request))
#41 C:\\Users\\xokit\\OneDrive\\Documentos\\Jarvis_Mind\\Faculdade\\OPE\\vendor\\laravel\\framework\\src\\Illuminate\\Routing\\Router.php(628): Illuminate\\Routing\\Router->runRoute(Object(Illuminate\\Http\\Request), Object(Illuminate\\Routing\\Route))
#42 C:\\Users\\xokit\\OneDrive\\Documentos\\Jarvis_Mind\\Faculdade\\OPE\\vendor\\laravel\\framework\\src\\Illuminate\\Routing\\Router.php(617): Illuminate\\Routing\\Router->dispatchToRoute(Object(Illuminate\\Http\\Request))
#43 C:\\Users\\xokit\\OneDrive\\Documentos\\Jarvis_Mind\\Faculdade\\OPE\\vendor\\laravel\\framework\\src\\Illuminate\\Foundation\\Http\\Kernel.php(165): Illuminate\\Routing\\Router->dispatch(Object(Illuminate\\Http\\Request))
#44 C:\\Users\\xokit\\OneDrive\\Documentos\\Jarvis_Mind\\Faculdade\\OPE\\vendor\\laravel\\framework\\src\\Illuminate\\Pipeline\\Pipeline.php(128): Illuminate\\Foundation\\Http\\Kernel->Illuminate\\Foundation\\Http\\{closure}(Object(Illuminate\\Http\\Request))
#45 C:\\Users\\xokit\\OneDrive\\Documentos\\Jarvis_Mind\\Faculdade\\OPE\\vendor\\barryvdh\\laravel-debugbar\\src\\Middleware\\InjectDebugbar.php(67): Illuminate\\Pipeline\\Pipeline->Illuminate\\Pipeline\\{closure}(Object(Illuminate\\Http\\Request))
#46 C:\\Users\\xokit\\OneDrive\\Documentos\\Jarvis_Mind\\Faculdade\\OPE\\vendor\\laravel\\framework\\src\\Illuminate\\Pipeline\\Pipeline.php(167): Barryvdh\\Debugbar\\Middleware\\InjectDebugbar->handle(Object(Illuminate\\Http\\Request), Object(Closure))
#47 C:\\Users\\xokit\\OneDrive\\Documentos\\Jarvis_Mind\\Faculdade\\OPE\\vendor\\laravel\\framework\\src\\Illuminate\\Session\\Middleware\\StartSession.php(116): Illuminate\\Pipeline\\Pipeline->Illuminate\\Pipeline\\{closure}(Object(Illuminate\\Http\\Request))
#48 C:\\Users\\xokit\\OneDrive\\Documentos\\Jarvis_Mind\\Faculdade\\OPE\\vendor\\laravel\\framework\\src\\Illuminate\\Session\\Middleware\\StartSession.php(62): Illuminate\\Session\\Middleware\\StartSession->handleStatefulRequest(Object(Illuminate\\Http\\Request), Object(Illuminate\\Session\\Store), Object(Closure))
#49 C:\\Users\\xokit\\OneDrive\\Documentos\\Jarvis_Mind\\Faculdade\\OPE\\vendor\\laravel\\framework\\src\\Illuminate\\Pipeline\\Pipeline.php(167): Illuminate\\Session\\Middleware\\StartSession->handle(Object(Illuminate\\Http\\Request), Object(Closure))
#50 C:\\Users\\xokit\\OneDrive\\Documentos\\Jarvis_Mind\\Faculdade\\OPE\\vendor\\laravel\\framework\\src\\Illuminate\\Cookie\\Middleware\\AddQueuedCookiesToResponse.php(37): Illuminate\\Pipeline\\Pipeline->Illuminate\\Pipeline\\{closure}(Object(Illuminate\\Http\\Request))
#51 C:\\Users\\xokit\\OneDrive\\Documentos\\Jarvis_Mind\\Faculdade\\OPE\\vendor\\laravel\\framework\\src\\Illuminate\\Pipeline\\Pipeline.php(167): Illuminate\\Cookie\\Middleware\\AddQueuedCookiesToResponse->handle(Object(Illuminate\\Http\\Request), Object(Closure))
#52 C:\\Users\\xokit\\OneDrive\\Documentos\\Jarvis_Mind\\Faculdade\\OPE\\vendor\\laravel\\framework\\src\\Illuminate\\Cookie\\Middleware\\EncryptCookies.php(67): Illuminate\\Pipeline\\Pipeline->Illuminate\\Pipeline\\{closure}(Object(Illuminate\\Http\\Request))
#53 C:\\Users\\xokit\\OneDrive\\Documentos\\Jarvis_Mind\\Faculdade\\OPE\\vendor\\laravel\\framework\\src\\Illuminate\\Pipeline\\Pipeline.php(167): Illuminate\\Cookie\\Middleware\\EncryptCookies->handle(Object(Illuminate\\Http\\Request), Object(Closure))
#54 C:\\Users\\xokit\\OneDrive\\Documentos\\Jarvis_Mind\\Faculdade\\OPE\\packages\\Webkul\\Core\\src\\Http\\Middleware\\CheckForMaintenanceMode.php(117): Illuminate\\Pipeline\\Pipeline->Illuminate\\Pipeline\\{closure}(Object(Illuminate\\Http\\Request))
#55 C:\\Users\\xokit\\OneDrive\\Documentos\\Jarvis_Mind\\Faculdade\\OPE\\vendor\\laravel\\framework\\src\\Illuminate\\Pipeline\\Pipeline.php(167): Webkul\\Core\\Http\\Middleware\\CheckForMaintenanceMode->handle(Object(Illuminate\\Http\\Request), Object(Closure))
#56 C:\\Users\\xokit\\OneDrive\\Documentos\\Jarvis_Mind\\Faculdade\\OPE\\vendor\\laravel\\framework\\src\\Illuminate\\Pipeline\\Pipeline.php(103): Illuminate\\Pipeline\\Pipeline->Illuminate\\Pipeline\\{closure}(Object(Illuminate\\Http\\Request))
#57 C:\\Users\\xokit\\OneDrive\\Documentos\\Jarvis_Mind\\Faculdade\\OPE\\vendor\\laravel\\framework\\src\\Illuminate\\Foundation\\Http\\Kernel.php(140): Illuminate\\Pipeline\\Pipeline->then(Object(Closure))
#58 C:\\Users\\xokit\\OneDrive\\Documentos\\Jarvis_Mind\\Faculdade\\OPE\\vendor\\laravel\\framework\\src\\Illuminate\\Foundation\\Http\\Kernel.php(109): Illuminate\\Foundation\\Http\\Kernel->sendRequestThroughRouter(Object(Illuminate\\Http\\Request))
#59 C:\\Users\\xokit\\OneDrive\\Documentos\\Jarvis_Mind\\Faculdade\\OPE\\public\\index.php(74): Illuminate\\Foundation\\Http\\Kernel->handle(Object(Illuminate\\Http\\Request))
#60 C:\\Users\\xokit\\OneDrive\\Documentos\\Jarvis_Mind\\Faculdade\\OPE\\server.php(21): require_once('C:\\\\Users\\\\xokit\\\\...')
#61 {main}
"} 
[2021-06-14 20:33:12] local.ERROR: Address in mailbox given [] does not comply with RFC 2822, 3.6.2. {"exception":"[object] (Swift_RfcComplianceException(code: 0): Address in mailbox given [] does not comply with RFC 2822, 3.6.2. at C:\\Users\\xokit\\OneDrive\\Documentos\\Jarvis_Mind\\Faculdade\\OPE\\vendor\\swiftmailer\\swiftmailer\\lib\\classes\\Swift\\Mime\\Headers\\MailboxHeader.php:355)
[stacktrace]
#0 C:\\Users\\xokit\\OneDrive\\Documentos\\Jarvis_Mind\\Faculdade\\OPE\\vendor\\swiftmailer\\swiftmailer\\lib\\classes\\Swift\\Mime\\Headers\\MailboxHeader.php(272): Swift_Mime_Headers_MailboxHeader->assertValidAddress('')
#1 C:\\Users\\xokit\\OneDrive\\Documentos\\Jarvis_Mind\\Faculdade\\OPE\\vendor\\swiftmailer\\swiftmailer\\lib\\classes\\Swift\\Mime\\Headers\\MailboxHeader.php(117): Swift_Mime_Headers_MailboxHeader->normalizeMailboxes(Array)
#2 C:\\Users\\xokit\\OneDrive\\Documentos\\Jarvis_Mind\\Faculdade\\OPE\\vendor\\swiftmailer\\swiftmailer\\lib\\classes\\Swift\\Mime\\Headers\\MailboxHeader.php(74): Swift_Mime_Headers_MailboxHeader->setNameAddresses(Array)
#3 C:\\Users\\xokit\\OneDrive\\Documentos\\Jarvis_Mind\\Faculdade\\OPE\\vendor\\swiftmailer\\swiftmailer\\lib\\classes\\Swift\\Mime\\SimpleMimeEntity.php(600): Swift_Mime_Headers_MailboxHeader->setFieldBodyModel(Array)
#4 C:\\Users\\xokit\\OneDrive\\Documentos\\Jarvis_Mind\\Faculdade\\OPE\\vendor\\swiftmailer\\swiftmailer\\lib\\classes\\Swift\\Mime\\SimpleMessage.php(213): Swift_Mime_SimpleMimeEntity->setHeaderFieldModel('From', Array)
#5 C:\\Users\\xokit\\OneDrive\\Documentos\\Jarvis_Mind\\Faculdade\\OPE\\vendor\\laravel\\framework\\src\\Illuminate\\Mail\\Message.php(50): Swift_Mime_SimpleMessage->setFrom(Array, '')
#6 C:\\Users\\xokit\\OneDrive\\Documentos\\Jarvis_Mind\\Faculdade\\OPE\\vendor\\laravel\\framework\\src\\Illuminate\\Mail\\Mailable.php(346): Illuminate\\Mail\\Message->from('', '')
#7 C:\\Users\\xokit\\OneDrive\\Documentos\\Jarvis_Mind\\Faculdade\\OPE\\vendor\\laravel\\framework\\src\\Illuminate\\Mail\\Mailable.php(172): Illuminate\\Mail\\Mailable->buildFrom(Object(Illuminate\\Mail\\Message))
#8 C:\\Users\\xokit\\OneDrive\\Documentos\\Jarvis_Mind\\Faculdade\\OPE\\vendor\\laravel\\framework\\src\\Illuminate\\Mail\\Mailer.php(271): Illuminate\\Mail\\Mailable->Illuminate\\Mail\\{closure}(Object(Illuminate\\Mail\\Message))
#9 C:\\Users\\xokit\\OneDrive\\Documentos\\Jarvis_Mind\\Faculdade\\OPE\\vendor\\laravel\\framework\\src\\Illuminate\\Mail\\Mailable.php(177): Illuminate\\Mail\\Mailer->send('shop::emails.ad...', Array, Object(Closure))
#10 C:\\Users\\xokit\\OneDrive\\Documentos\\Jarvis_Mind\\Faculdade\\OPE\\vendor\\laravel\\framework\\src\\Illuminate\\Support\\Traits\\Localizable.php(19): Illuminate\\Mail\\Mailable->Illuminate\\Mail\\{closure}()
#11 C:\\Users\\xokit\\OneDrive\\Documentos\\Jarvis_Mind\\Faculdade\\OPE\\vendor\\laravel\\framework\\src\\Illuminate\\Mail\\Mailable.php(178): Illuminate\\Mail\\Mailable->withLocale(NULL, Object(Closure))
#12 C:\\Users\\xokit\\OneDrive\\Documentos\\Jarvis_Mind\\Faculdade\\OPE\\vendor\\laravel\\framework\\src\\Illuminate\\Mail\\SendQueuedMailable.php(52): Illuminate\\Mail\\Mailable->send(Object(Illuminate\\Mail\\MailManager))
#13 C:\\Users\\xokit\\OneDrive\\Documentos\\Jarvis_Mind\\Faculdade\\OPE\\vendor\\laravel\\framework\\src\\Illuminate\\Container\\BoundMethod.php(36): Illuminate\\Mail\\SendQueuedMailable->handle(Object(Illuminate\\Mail\\MailManager))
#14 C:\\Users\\xokit\\OneDrive\\Documentos\\Jarvis_Mind\\Faculdade\\OPE\\vendor\\laravel\\framework\\src\\Illuminate\\Container\\Util.php(37): Illuminate\\Container\\BoundMethod::Illuminate\\Container\\{closure}()
#15 C:\\Users\\xokit\\OneDrive\\Documentos\\Jarvis_Mind\\Faculdade\\OPE\\vendor\\laravel\\framework\\src\\Illuminate\\Container\\BoundMethod.php(93): Illuminate\\Container\\Util::unwrapIfClosure(Object(Closure))
#16 C:\\Users\\xokit\\OneDrive\\Documentos\\Jarvis_Mind\\Faculdade\\OPE\\vendor\\laravel\\framework\\src\\Illuminate\\Container\\BoundMethod.php(37): Illuminate\\Container\\BoundMethod::callBoundMethod(Object(Illuminate\\Foundation\\Application), Array, Object(Closure))
#17 C:\\Users\\xokit\\OneDrive\\Documentos\\Jarvis_Mind\\Faculdade\\OPE\\vendor\\laravel\\framework\\src\\Illuminate\\Container\\Container.php(596): Illuminate\\Container\\BoundMethod::call(Object(Illuminate\\Foundation\\Application), Array, Array, NULL)
#18 C:\\Users\\xokit\\OneDrive\\Documentos\\Jarvis_Mind\\Faculdade\\OPE\\vendor\\laravel\\framework\\src\\Illuminate\\Bus\\Dispatcher.php(94): Illuminate\\Container\\Container->call(Array)
#19 C:\\Users\\xokit\\OneDrive\\Documentos\\Jarvis_Mind\\Faculdade\\OPE\\vendor\\laravel\\framework\\src\\Illuminate\\Pipeline\\Pipeline.php(128): Illuminate\\Bus\\Dispatcher->Illuminate\\Bus\\{closure}(Object(Illuminate\\Mail\\SendQueuedMailable))
#20 C:\\Users\\xokit\\OneDrive\\Documentos\\Jarvis_Mind\\Faculdade\\OPE\\vendor\\laravel\\framework\\src\\Illuminate\\Pipeline\\Pipeline.php(103): Illuminate\\Pipeline\\Pipeline->Illuminate\\Pipeline\\{closure}(Object(Illuminate\\Mail\\SendQueuedMailable))
#21 C:\\Users\\xokit\\OneDrive\\Documentos\\Jarvis_Mind\\Faculdade\\OPE\\vendor\\laravel\\framework\\src\\Illuminate\\Bus\\Dispatcher.php(98): Illuminate\\Pipeline\\Pipeline->then(Object(Closure))
#22 C:\\Users\\xokit\\OneDrive\\Documentos\\Jarvis_Mind\\Faculdade\\OPE\\vendor\\laravel\\framework\\src\\Illuminate\\Queue\\CallQueuedHandler.php(83): Illuminate\\Bus\\Dispatcher->dispatchNow(Object(Illuminate\\Mail\\SendQueuedMailable), false)
#23 C:\\Users\\xokit\\OneDrive\\Documentos\\Jarvis_Mind\\Faculdade\\OPE\\vendor\\laravel\\framework\\src\\Illuminate\\Pipeline\\Pipeline.php(128): Illuminate\\Queue\\CallQueuedHandler->Illuminate\\Queue\\{closure}(Object(Illuminate\\Mail\\SendQueuedMailable))
#24 C:\\Users\\xokit\\OneDrive\\Documentos\\Jarvis_Mind\\Faculdade\\OPE\\vendor\\laravel\\framework\\src\\Illuminate\\Pipeline\\Pipeline.php(103): Illuminate\\Pipeline\\Pipeline->Illuminate\\Pipeline\\{closure}(Object(Illuminate\\Mail\\SendQueuedMailable))
#25 C:\\Users\\xokit\\OneDrive\\Documentos\\Jarvis_Mind\\Faculdade\\OPE\\vendor\\laravel\\framework\\src\\Illuminate\\Queue\\CallQueuedHandler.php(85): Illuminate\\Pipeline\\Pipeline->then(Object(Closure))
#26 C:\\Users\\xokit\\OneDrive\\Documentos\\Jarvis_Mind\\Faculdade\\OPE\\vendor\\laravel\\framework\\src\\Illuminate\\Queue\\CallQueuedHandler.php(59): Illuminate\\Queue\\CallQueuedHandler->dispatchThroughMiddleware(Object(Illuminate\\Queue\\Jobs\\SyncJob), Object(Illuminate\\Mail\\SendQueuedMailable))
#27 C:\\Users\\xokit\\OneDrive\\Documentos\\Jarvis_Mind\\Faculdade\\OPE\\vendor\\laravel\\framework\\src\\Illuminate\\Queue\\Jobs\\Job.php(98): Illuminate\\Queue\\CallQueuedHandler->call(Object(Illuminate\\Queue\\Jobs\\SyncJob), Array)
#28 C:\\Users\\xokit\\OneDrive\\Documentos\\Jarvis_Mind\\Faculdade\\OPE\\vendor\\laravel\\framework\\src\\Illuminate\\Queue\\SyncQueue.php(43): Illuminate\\Queue\\Jobs\\Job->fire()
#29 C:\\Users\\xokit\\OneDrive\\Documentos\\Jarvis_Mind\\Faculdade\\OPE\\vendor\\laravel\\framework\\src\\Illuminate\\Queue\\Queue.php(46): Illuminate\\Queue\\SyncQueue->push(Object(Illuminate\\Mail\\SendQueuedMailable), '', NULL)
#30 C:\\Users\\xokit\\OneDrive\\Documentos\\Jarvis_Mind\\Faculdade\\OPE\\vendor\\laravel\\framework\\src\\Illuminate\\Mail\\Mailable.php(198): Illuminate\\Queue\\Queue->pushOn(NULL, Object(Illuminate\\Mail\\SendQueuedMailable))
#31 C:\\Users\\xokit\\OneDrive\\Documentos\\Jarvis_Mind\\Faculdade\\OPE\\vendor\\laravel\\framework\\src\\Illuminate\\Mail\\Mailer.php(417): Illuminate\\Mail\\Mailable->queue(Object(Illuminate\\Queue\\QueueManager))
#32 C:\\Users\\xokit\\OneDrive\\Documentos\\Jarvis_Mind\\Faculdade\\OPE\\vendor\\laravel\\framework\\src\\Illuminate\\Mail\\MailManager.php(466): Illuminate\\Mail\\Mailer->queue(Object(Webkul\\User\\Notifications\\AdminUpdatePassword))
#33 C:\\Users\\xokit\\OneDrive\\Documentos\\Jarvis_Mind\\Faculdade\\OPE\\vendor\\laravel\\framework\\src\\Illuminate\\Support\\Facades\\Facade.php(261): Illuminate\\Mail\\MailManager->__call('queue', Array)
#34 C:\\Users\\xokit\\OneDrive\\Documentos\\Jarvis_Mind\\Faculdade\\OPE\\packages\\Webkul\\Admin\\src\\Listeners\\PasswordChange.php(25): Illuminate\\Support\\Facades\\Facade::__callStatic('queue', Array)
#35 C:\\Users\\xokit\\OneDrive\\Documentos\\Jarvis_Mind\\Faculdade\\OPE\\vendor\\laravel\\framework\\src\\Illuminate\\Events\\Dispatcher.php(401): Webkul\\Admin\\Listeners\\PasswordChange->sendUpdatePasswordMail(Object(Webkul\\User\\Models\\Admin))
#36 C:\\Users\\xokit\\OneDrive\\Documentos\\Jarvis_Mind\\Faculdade\\OPE\\vendor\\laravel\\framework\\src\\Illuminate\\Events\\Dispatcher.php(226): Illuminate\\Events\\Dispatcher->Illuminate\\Events\\{closure}('user.admin.upda...', Array)
#37 C:\\Users\\xokit\\OneDrive\\Documentos\\Jarvis_Mind\\Faculdade\\OPE\\vendor\\laravel\\framework\\src\\Illuminate\\Support\\Facades\\Facade.php(261): Illuminate\\Events\\Dispatcher->dispatch('user.admin.upda...', Array)
#38 C:\\Users\\xokit\\OneDrive\\Documentos\\Jarvis_Mind\\Faculdade\\OPE\\packages\\Webkul\\User\\src\\Http\\Controllers\\UserController.php(150): Illuminate\\Support\\Facades\\Facade::__callStatic('dispatch', Array)
#39 C:\\Users\\xokit\\OneDrive\\Documentos\\Jarvis_Mind\\Faculdade\\OPE\\vendor\\laravel\\framework\\src\\Illuminate\\Routing\\Controller.php(54): Webkul\\User\\Http\\Controllers\\UserController->update(Object(Webkul\\User\\Http\\Requests\\UserForm), '1', Array)
#40 C:\\Users\\xokit\\OneDrive\\Documentos\\Jarvis_Mind\\Faculdade\\OPE\\vendor\\laravel\\framework\\src\\Illuminate\\Routing\\ControllerDispatcher.php(45): Illuminate\\Routing\\Controller->callAction('update', Array)
#41 C:\\Users\\xokit\\OneDrive\\Documentos\\Jarvis_Mind\\Faculdade\\OPE\\vendor\\laravel\\framework\\src\\Illuminate\\Routing\\Route.php(239): Illuminate\\Routing\\ControllerDispatcher->dispatch(Object(Illuminate\\Routing\\Route), Object(Webkul\\User\\Http\\Controllers\\UserController), 'update')
#42 C:\\Users\\xokit\\OneDrive\\Documentos\\Jarvis_Mind\\Faculdade\\OPE\\vendor\\laravel\\framework\\src\\Illuminate\\Routing\\Route.php(196): Illuminate\\Routing\\Route->runController()
#43 C:\\Users\\xokit\\OneDrive\\Documentos\\Jarvis_Mind\\Faculdade\\OPE\\vendor\\laravel\\framework\\src\\Illuminate\\Routing\\Router.php(685): Illuminate\\Routing\\Route->run()
#44 C:\\Users\\xokit\\OneDrive\\Documentos\\Jarvis_Mind\\Faculdade\\OPE\\vendor\\laravel\\framework\\src\\Illuminate\\Pipeline\\Pipeline.php(128): Illuminate\\Routing\\Router->Illuminate\\Routing\\{closure}(Object(Illuminate\\Http\\Request))
#45 C:\\Users\\xokit\\OneDrive\\Documentos\\Jarvis_Mind\\Faculdade\\OPE\\app\\Http\\Middleware\\RedirectIfAuthenticated.php(24): Illuminate\\Pipeline\\Pipeline->Illuminate\\Pipeline\\{closure}(Object(Illuminate\\Http\\Request))
#46 C:\\Users\\xokit\\OneDrive\\Documentos\\Jarvis_Mind\\Faculdade\\OPE\\vendor\\laravel\\framework\\src\\Illuminate\\Pipeline\\Pipeline.php(167): App\\Http\\Middleware\\RedirectIfAuthenticated->handle(Object(Illuminate\\Http\\Request), Object(Closure))
#47 C:\\Users\\xokit\\OneDrive\\Documentos\\Jarvis_Mind\\Faculdade\\OPE\\packages\\Webkul\\User\\src\\Http\\Middleware\\Bouncer.php(27): Illuminate\\Pipeline\\Pipeline->Illuminate\\Pipeline\\{closure}(Object(Illuminate\\Http\\Request))
#48 C:\\Users\\xokit\\OneDrive\\Documentos\\Jarvis_Mind\\Faculdade\\OPE\\vendor\\laravel\\framework\\src\\Illuminate\\Pipeline\\Pipeline.php(167): Webkul\\User\\Http\\Middleware\\Bouncer->handle(Object(Illuminate\\Http\\Request), Object(Closure))
#49 C:\\Users\\xokit\\OneDrive\\Documentos\\Jarvis_Mind\\Faculdade\\OPE\\vendor\\laravel\\framework\\src\\Illuminate\\Routing\\Middleware\\SubstituteBindings.php(41): Illuminate\\Pipeline\\Pipeline->Illuminate\\Pipeline\\{closure}(Object(Illuminate\\Http\\Request))
#50 C:\\Users\\xokit\\OneDrive\\Documentos\\Jarvis_Mind\\Faculdade\\OPE\\vendor\\laravel\\framework\\src\\Illuminate\\Pipeline\\Pipeline.php(167): Illuminate\\Routing\\Middleware\\SubstituteBindings->handle(Object(Illuminate\\Http\\Request), Object(Closure))
#51 C:\\Users\\xokit\\OneDrive\\Documentos\\Jarvis_Mind\\Faculdade\\OPE\\vendor\\laravel\\framework\\src\\Illuminate\\Foundation\\Http\\Middleware\\VerifyCsrfToken.php(78): Illuminate\\Pipeline\\Pipeline->Illuminate\\Pipeline\\{closure}(Object(Illuminate\\Http\\Request))
#52 C:\\Users\\xokit\\OneDrive\\Documentos\\Jarvis_Mind\\Faculdade\\OPE\\vendor\\laravel\\framework\\src\\Illuminate\\Pipeline\\Pipeline.php(167): Illuminate\\Foundation\\Http\\Middleware\\VerifyCsrfToken->handle(Object(Illuminate\\Http\\Request), Object(Closure))
#53 C:\\Users\\xokit\\OneDrive\\Documentos\\Jarvis_Mind\\Faculdade\\OPE\\vendor\\laravel\\framework\\src\\Illuminate\\Session\\Middleware\\AuthenticateSession.php(39): Illuminate\\Pipeline\\Pipeline->Illuminate\\Pipeline\\{closure}(Object(Illuminate\\Http\\Request))
#54 C:\\Users\\xokit\\OneDrive\\Documentos\\Jarvis_Mind\\Faculdade\\OPE\\vendor\\laravel\\framework\\src\\Illuminate\\Pipeline\\Pipeline.php(167): Illuminate\\Session\\Middleware\\AuthenticateSession->handle(Object(Illuminate\\Http\\Request), Object(Closure))
#55 C:\\Users\\xokit\\OneDrive\\Documentos\\Jarvis_Mind\\Faculdade\\OPE\\vendor\\laravel\\framework\\src\\Illuminate\\View\\Middleware\\ShareErrorsFromSession.php(49): Illuminate\\Pipeline\\Pipeline->Illuminate\\Pipeline\\{closure}(Object(Illuminate\\Http\\Request))
#56 C:\\Users\\xokit\\OneDrive\\Documentos\\Jarvis_Mind\\Faculdade\\OPE\\vendor\\laravel\\framework\\src\\Illuminate\\Pipeline\\Pipeline.php(167): Illuminate\\View\\Middleware\\ShareErrorsFromSession->handle(Object(Illuminate\\Http\\Request), Object(Closure))
#57 C:\\Users\\xokit\\OneDrive\\Documentos\\Jarvis_Mind\\Faculdade\\OPE\\vendor\\laravel\\framework\\src\\Illuminate\\Pipeline\\Pipeline.php(103): Illuminate\\Pipeline\\Pipeline->Illuminate\\Pipeline\\{closure}(Object(Illuminate\\Http\\Request))
#58 C:\\Users\\xokit\\OneDrive\\Documentos\\Jarvis_Mind\\Faculdade\\OPE\\vendor\\laravel\\framework\\src\\Illuminate\\Routing\\Router.php(687): Illuminate\\Pipeline\\Pipeline->then(Object(Closure))
#59 C:\\Users\\xokit\\OneDrive\\Documentos\\Jarvis_Mind\\Faculdade\\OPE\\vendor\\laravel\\framework\\src\\Illuminate\\Routing\\Router.php(662): Illuminate\\Routing\\Router->runRouteWithinStack(Object(Illuminate\\Routing\\Route), Object(Illuminate\\Http\\Request))
#60 C:\\Users\\xokit\\OneDrive\\Documentos\\Jarvis_Mind\\Faculdade\\OPE\\vendor\\laravel\\framework\\src\\Illuminate\\Routing\\Router.php(628): Illuminate\\Routing\\Router->runRoute(Object(Illuminate\\Http\\Request), Object(Illuminate\\Routing\\Route))
#61 C:\\Users\\xokit\\OneDrive\\Documentos\\Jarvis_Mind\\Faculdade\\OPE\\vendor\\laravel\\framework\\src\\Illuminate\\Routing\\Router.php(617): Illuminate\\Routing\\Router->dispatchToRoute(Object(Illuminate\\Http\\Request))
#62 C:\\Users\\xokit\\OneDrive\\Documentos\\Jarvis_Mind\\Faculdade\\OPE\\vendor\\laravel\\framework\\src\\Illuminate\\Foundation\\Http\\Kernel.php(165): Illuminate\\Routing\\Router->dispatch(Object(Illuminate\\Http\\Request))
#63 C:\\Users\\xokit\\OneDrive\\Documentos\\Jarvis_Mind\\Faculdade\\OPE\\vendor\\laravel\\framework\\src\\Illuminate\\Pipeline\\Pipeline.php(128): Illuminate\\Foundation\\Http\\Kernel->Illuminate\\Foundation\\Http\\{closure}(Object(Illuminate\\Http\\Request))
#64 C:\\Users\\xokit\\OneDrive\\Documentos\\Jarvis_Mind\\Faculdade\\OPE\\vendor\\barryvdh\\laravel-debugbar\\src\\Middleware\\InjectDebugbar.php(67): Illuminate\\Pipeline\\Pipeline->Illuminate\\Pipeline\\{closure}(Object(Illuminate\\Http\\Request))
#65 C:\\Users\\xokit\\OneDrive\\Documentos\\Jarvis_Mind\\Faculdade\\OPE\\vendor\\laravel\\framework\\src\\Illuminate\\Pipeline\\Pipeline.php(167): Barryvdh\\Debugbar\\Middleware\\InjectDebugbar->handle(Object(Illuminate\\Http\\Request), Object(Closure))
#66 C:\\Users\\xokit\\OneDrive\\Documentos\\Jarvis_Mind\\Faculdade\\OPE\\vendor\\laravel\\framework\\src\\Illuminate\\Session\\Middleware\\StartSession.php(116): Illuminate\\Pipeline\\Pipeline->Illuminate\\Pipeline\\{closure}(Object(Illuminate\\Http\\Request))
#67 C:\\Users\\xokit\\OneDrive\\Documentos\\Jarvis_Mind\\Faculdade\\OPE\\vendor\\laravel\\framework\\src\\Illuminate\\Session\\Middleware\\StartSession.php(62): Illuminate\\Session\\Middleware\\StartSession->handleStatefulRequest(Object(Illuminate\\Http\\Request), Object(Illuminate\\Session\\Store), Object(Closure))
#68 C:\\Users\\xokit\\OneDrive\\Documentos\\Jarvis_Mind\\Faculdade\\OPE\\vendor\\laravel\\framework\\src\\Illuminate\\Pipeline\\Pipeline.php(167): Illuminate\\Session\\Middleware\\StartSession->handle(Object(Illuminate\\Http\\Request), Object(Closure))
#69 C:\\Users\\xokit\\OneDrive\\Documentos\\Jarvis_Mind\\Faculdade\\OPE\\vendor\\laravel\\framework\\src\\Illuminate\\Cookie\\Middleware\\AddQueuedCookiesToResponse.php(37): Illuminate\\Pipeline\\Pipeline->Illuminate\\Pipeline\\{closure}(Object(Illuminate\\Http\\Request))
#70 C:\\Users\\xokit\\OneDrive\\Documentos\\Jarvis_Mind\\Faculdade\\OPE\\vendor\\laravel\\framework\\src\\Illuminate\\Pipeline\\Pipeline.php(167): Illuminate\\Cookie\\Middleware\\AddQueuedCookiesToResponse->handle(Object(Illuminate\\Http\\Request), Object(Closure))
#71 C:\\Users\\xokit\\OneDrive\\Documentos\\Jarvis_Mind\\Faculdade\\OPE\\vendor\\laravel\\framework\\src\\Illuminate\\Cookie\\Middleware\\EncryptCookies.php(67): Illuminate\\Pipeline\\Pipeline->Illuminate\\Pipeline\\{closure}(Object(Illuminate\\Http\\Request))
#72 C:\\Users\\xokit\\OneDrive\\Documentos\\Jarvis_Mind\\Faculdade\\OPE\\vendor\\laravel\\framework\\src\\Illuminate\\Pipeline\\Pipeline.php(167): Illuminate\\Cookie\\Middleware\\EncryptCookies->handle(Object(Illuminate\\Http\\Request), Object(Closure))
#73 C:\\Users\\xokit\\OneDrive\\Documentos\\Jarvis_Mind\\Faculdade\\OPE\\packages\\Webkul\\Core\\src\\Http\\Middleware\\CheckForMaintenanceMode.php(117): Illuminate\\Pipeline\\Pipeline->Illuminate\\Pipeline\\{closure}(Object(Illuminate\\Http\\Request))
#74 C:\\Users\\xokit\\OneDrive\\Documentos\\Jarvis_Mind\\Faculdade\\OPE\\vendor\\laravel\\framework\\src\\Illuminate\\Pipeline\\Pipeline.php(167): Webkul\\Core\\Http\\Middleware\\CheckForMaintenanceMode->handle(Object(Illuminate\\Http\\Request), Object(Closure))
#75 C:\\Users\\xokit\\OneDrive\\Documentos\\Jarvis_Mind\\Faculdade\\OPE\\vendor\\laravel\\framework\\src\\Illuminate\\Pipeline\\Pipeline.php(103): Illuminate\\Pipeline\\Pipeline->Illuminate\\Pipeline\\{closure}(Object(Illuminate\\Http\\Request))
#76 C:\\Users\\xokit\\OneDrive\\Documentos\\Jarvis_Mind\\Faculdade\\OPE\\vendor\\laravel\\framework\\src\\Illuminate\\Foundation\\Http\\Kernel.php(140): Illuminate\\Pipeline\\Pipeline->then(Object(Closure))
#77 C:\\Users\\xokit\\OneDrive\\Documentos\\Jarvis_Mind\\Faculdade\\OPE\\vendor\\laravel\\framework\\src\\Illuminate\\Foundation\\Http\\Kernel.php(109): Illuminate\\Foundation\\Http\\Kernel->sendRequestThroughRouter(Object(Illuminate\\Http\\Request))
#78 C:\\Users\\xokit\\OneDrive\\Documentos\\Jarvis_Mind\\Faculdade\\OPE\\public\\index.php(74): Illuminate\\Foundation\\Http\\Kernel->handle(Object(Illuminate\\Http\\Request))
#79 C:\\Users\\xokit\\OneDrive\\Documentos\\Jarvis_Mind\\Faculdade\\OPE\\server.php(21): require_once('C:\\\\Users\\\\xokit\\\\...')
#80 {main}
"} 
[2021-06-15 21:25:08] local.ERROR: Class 'Webkul\Paypal\Providers\PaypalServiceProvider' not found {"exception":"[object] (Error(code: 0): Class 'Webkul\\Paypal\\Providers\\PaypalServiceProvider' not found at C:\\Users\\xokit\\OneDrive\\Documentos\\Jarvis_Mind\\Faculdade\\OPE\\vendor\\laravel\\framework\\src\\Illuminate\\Foundation\\ProviderRepository.php:208)
[stacktrace]
#0 C:\\Users\\xokit\\OneDrive\\Documentos\\Jarvis_Mind\\Faculdade\\OPE\\vendor\\laravel\\framework\\src\\Illuminate\\Foundation\\ProviderRepository.php(144): Illuminate\\Foundation\\ProviderRepository->createProvider('Webkul\\\\Paypal\\\\P...')
#1 C:\\Users\\xokit\\OneDrive\\Documentos\\Jarvis_Mind\\Faculdade\\OPE\\vendor\\laravel\\framework\\src\\Illuminate\\Foundation\\ProviderRepository.php(61): Illuminate\\Foundation\\ProviderRepository->compileManifest(Array)
#2 C:\\Users\\xokit\\OneDrive\\Documentos\\Jarvis_Mind\\Faculdade\\OPE\\vendor\\laravel\\framework\\src\\Illuminate\\Foundation\\Application.php(604): Illuminate\\Foundation\\ProviderRepository->load(Array)
#3 C:\\Users\\xokit\\OneDrive\\Documentos\\Jarvis_Mind\\Faculdade\\OPE\\vendor\\laravel\\framework\\src\\Illuminate\\Foundation\\Bootstrap\\RegisterProviders.php(17): Illuminate\\Foundation\\Application->registerConfiguredProviders()
#4 C:\\Users\\xokit\\OneDrive\\Documentos\\Jarvis_Mind\\Faculdade\\OPE\\vendor\\laravel\\framework\\src\\Illuminate\\Foundation\\Application.php(230): Illuminate\\Foundation\\Bootstrap\\RegisterProviders->bootstrap(Object(Illuminate\\Foundation\\Application))
#5 C:\\Users\\xokit\\OneDrive\\Documentos\\Jarvis_Mind\\Faculdade\\OPE\\vendor\\laravel\\framework\\src\\Illuminate\\Foundation\\Console\\Kernel.php(310): Illuminate\\Foundation\\Application->bootstrapWith(Array)
#6 C:\\Users\\xokit\\OneDrive\\Documentos\\Jarvis_Mind\\Faculdade\\OPE\\vendor\\laravel\\framework\\src\\Illuminate\\Foundation\\Console\\Kernel.php(127): Illuminate\\Foundation\\Console\\Kernel->bootstrap()
#7 C:\\Users\\xokit\\OneDrive\\Documentos\\Jarvis_Mind\\Faculdade\\OPE\\artisan(37): Illuminate\\Foundation\\Console\\Kernel->handle(Object(Symfony\\Component\\Console\\Input\\ArgvInput), Object(Symfony\\Component\\Console\\Output\\ConsoleOutput))
#8 {main}
"} 
[2021-06-15 23:10:37] local.ERROR: Failed to authenticate on SMTP server with username "victor.pinheiro@aluno.faculdadeimpacta.com.br" using 3 possible authenticators. Authenticator CRAM-MD5 returned Expected response code 235 but got code "535", with message "535 5.7.0 Invalid login or password
". Authenticator LOGIN returned Expected response code 250 but got an empty response. Authenticator PLAIN returned Expected response code 250 but got an empty response. {"exception":"[object] (Swift_TransportException(code: 0): Failed to authenticate on SMTP server with username \"victor.pinheiro@aluno.faculdadeimpacta.com.br\" using 3 possible authenticators. Authenticator CRAM-MD5 returned Expected response code 235 but got code \"535\", with message \"535 5.7.0 Invalid login or password
\". Authenticator LOGIN returned Expected response code 250 but got an empty response. Authenticator PLAIN returned Expected response code 250 but got an empty response. at C:\\Users\\xokit\\OneDrive\\Documentos\\Jarvis_Mind\\Faculdade\\OPE\\vendor\\swiftmailer\\swiftmailer\\lib\\classes\\Swift\\Transport\\Esmtp\\AuthHandler.php:191)
[stacktrace]
#0 C:\\Users\\xokit\\OneDrive\\Documentos\\Jarvis_Mind\\Faculdade\\OPE\\vendor\\swiftmailer\\swiftmailer\\lib\\classes\\Swift\\Transport\\EsmtpTransport.php(371): Swift_Transport_Esmtp_AuthHandler->afterEhlo(Object(Swift_SmtpTransport))
#1 C:\\Users\\xokit\\OneDrive\\Documentos\\Jarvis_Mind\\Faculdade\\OPE\\vendor\\swiftmailer\\swiftmailer\\lib\\classes\\Swift\\Transport\\AbstractSmtpTransport.php(148): Swift_Transport_EsmtpTransport->doHeloCommand()
#2 C:\\Users\\xokit\\OneDrive\\Documentos\\Jarvis_Mind\\Faculdade\\OPE\\vendor\\swiftmailer\\swiftmailer\\lib\\classes\\Swift\\Mailer.php(65): Swift_Transport_AbstractSmtpTransport->start()
#3 C:\\Users\\xokit\\OneDrive\\Documentos\\Jarvis_Mind\\Faculdade\\OPE\\vendor\\laravel\\framework\\src\\Illuminate\\Mail\\Mailer.php(521): Swift_Mailer->send(Object(Swift_Message), Array)
#4 C:\\Users\\xokit\\OneDrive\\Documentos\\Jarvis_Mind\\Faculdade\\OPE\\vendor\\laravel\\framework\\src\\Illuminate\\Mail\\Mailer.php(288): Illuminate\\Mail\\Mailer->sendSwiftMessage(Object(Swift_Message))
#5 C:\\Users\\xokit\\OneDrive\\Documentos\\Jarvis_Mind\\Faculdade\\OPE\\vendor\\laravel\\framework\\src\\Illuminate\\Mail\\Mailable.php(177): Illuminate\\Mail\\Mailer->send('shop::emails.cu...', Array, Object(Closure))
#6 C:\\Users\\xokit\\OneDrive\\Documentos\\Jarvis_Mind\\Faculdade\\OPE\\vendor\\laravel\\framework\\src\\Illuminate\\Support\\Traits\\Localizable.php(19): Illuminate\\Mail\\Mailable->Illuminate\\Mail\\{closure}()
#7 C:\\Users\\xokit\\OneDrive\\Documentos\\Jarvis_Mind\\Faculdade\\OPE\\vendor\\laravel\\framework\\src\\Illuminate\\Mail\\Mailable.php(178): Illuminate\\Mail\\Mailable->withLocale(NULL, Object(Closure))
#8 C:\\Users\\xokit\\OneDrive\\Documentos\\Jarvis_Mind\\Faculdade\\OPE\\vendor\\laravel\\framework\\src\\Illuminate\\Mail\\SendQueuedMailable.php(52): Illuminate\\Mail\\Mailable->send(Object(Illuminate\\Mail\\MailManager))
#9 C:\\Users\\xokit\\OneDrive\\Documentos\\Jarvis_Mind\\Faculdade\\OPE\\vendor\\laravel\\framework\\src\\Illuminate\\Container\\BoundMethod.php(36): Illuminate\\Mail\\SendQueuedMailable->handle(Object(Illuminate\\Mail\\MailManager))
#10 C:\\Users\\xokit\\OneDrive\\Documentos\\Jarvis_Mind\\Faculdade\\OPE\\vendor\\laravel\\framework\\src\\Illuminate\\Container\\Util.php(37): Illuminate\\Container\\BoundMethod::Illuminate\\Container\\{closure}()
#11 C:\\Users\\xokit\\OneDrive\\Documentos\\Jarvis_Mind\\Faculdade\\OPE\\vendor\\laravel\\framework\\src\\Illuminate\\Container\\BoundMethod.php(93): Illuminate\\Container\\Util::unwrapIfClosure(Object(Closure))
#12 C:\\Users\\xokit\\OneDrive\\Documentos\\Jarvis_Mind\\Faculdade\\OPE\\vendor\\laravel\\framework\\src\\Illuminate\\Container\\BoundMethod.php(37): Illuminate\\Container\\BoundMethod::callBoundMethod(Object(Illuminate\\Foundation\\Application), Array, Object(Closure))
#13 C:\\Users\\xokit\\OneDrive\\Documentos\\Jarvis_Mind\\Faculdade\\OPE\\vendor\\laravel\\framework\\src\\Illuminate\\Container\\Container.php(596): Illuminate\\Container\\BoundMethod::call(Object(Illuminate\\Foundation\\Application), Array, Array, NULL)
#14 C:\\Users\\xokit\\OneDrive\\Documentos\\Jarvis_Mind\\Faculdade\\OPE\\vendor\\laravel\\framework\\src\\Illuminate\\Bus\\Dispatcher.php(94): Illuminate\\Container\\Container->call(Array)
#15 C:\\Users\\xokit\\OneDrive\\Documentos\\Jarvis_Mind\\Faculdade\\OPE\\vendor\\laravel\\framework\\src\\Illuminate\\Pipeline\\Pipeline.php(128): Illuminate\\Bus\\Dispatcher->Illuminate\\Bus\\{closure}(Object(Illuminate\\Mail\\SendQueuedMailable))
#16 C:\\Users\\xokit\\OneDrive\\Documentos\\Jarvis_Mind\\Faculdade\\OPE\\vendor\\laravel\\framework\\src\\Illuminate\\Pipeline\\Pipeline.php(103): Illuminate\\Pipeline\\Pipeline->Illuminate\\Pipeline\\{closure}(Object(Illuminate\\Mail\\SendQueuedMailable))
#17 C:\\Users\\xokit\\OneDrive\\Documentos\\Jarvis_Mind\\Faculdade\\OPE\\vendor\\laravel\\framework\\src\\Illuminate\\Bus\\Dispatcher.php(98): Illuminate\\Pipeline\\Pipeline->then(Object(Closure))
#18 C:\\Users\\xokit\\OneDrive\\Documentos\\Jarvis_Mind\\Faculdade\\OPE\\vendor\\laravel\\framework\\src\\Illuminate\\Queue\\CallQueuedHandler.php(83): Illuminate\\Bus\\Dispatcher->dispatchNow(Object(Illuminate\\Mail\\SendQueuedMailable), false)
#19 C:\\Users\\xokit\\OneDrive\\Documentos\\Jarvis_Mind\\Faculdade\\OPE\\vendor\\laravel\\framework\\src\\Illuminate\\Pipeline\\Pipeline.php(128): Illuminate\\Queue\\CallQueuedHandler->Illuminate\\Queue\\{closure}(Object(Illuminate\\Mail\\SendQueuedMailable))
#20 C:\\Users\\xokit\\OneDrive\\Documentos\\Jarvis_Mind\\Faculdade\\OPE\\vendor\\laravel\\framework\\src\\Illuminate\\Pipeline\\Pipeline.php(103): Illuminate\\Pipeline\\Pipeline->Illuminate\\Pipeline\\{closure}(Object(Illuminate\\Mail\\SendQueuedMailable))
#21 C:\\Users\\xokit\\OneDrive\\Documentos\\Jarvis_Mind\\Faculdade\\OPE\\vendor\\laravel\\framework\\src\\Illuminate\\Queue\\CallQueuedHandler.php(85): Illuminate\\Pipeline\\Pipeline->then(Object(Closure))
#22 C:\\Users\\xokit\\OneDrive\\Documentos\\Jarvis_Mind\\Faculdade\\OPE\\vendor\\laravel\\framework\\src\\Illuminate\\Queue\\CallQueuedHandler.php(59): Illuminate\\Queue\\CallQueuedHandler->dispatchThroughMiddleware(Object(Illuminate\\Queue\\Jobs\\SyncJob), Object(Illuminate\\Mail\\SendQueuedMailable))
#23 C:\\Users\\xokit\\OneDrive\\Documentos\\Jarvis_Mind\\Faculdade\\OPE\\vendor\\laravel\\framework\\src\\Illuminate\\Queue\\Jobs\\Job.php(98): Illuminate\\Queue\\CallQueuedHandler->call(Object(Illuminate\\Queue\\Jobs\\SyncJob), Array)
#24 C:\\Users\\xokit\\OneDrive\\Documentos\\Jarvis_Mind\\Faculdade\\OPE\\vendor\\laravel\\framework\\src\\Illuminate\\Queue\\SyncQueue.php(43): Illuminate\\Queue\\Jobs\\Job->fire()
#25 C:\\Users\\xokit\\OneDrive\\Documentos\\Jarvis_Mind\\Faculdade\\OPE\\vendor\\laravel\\framework\\src\\Illuminate\\Queue\\Queue.php(46): Illuminate\\Queue\\SyncQueue->push(Object(Illuminate\\Mail\\SendQueuedMailable), '', NULL)
#26 C:\\Users\\xokit\\OneDrive\\Documentos\\Jarvis_Mind\\Faculdade\\OPE\\vendor\\laravel\\framework\\src\\Illuminate\\Mail\\Mailable.php(198): Illuminate\\Queue\\Queue->pushOn(NULL, Object(Illuminate\\Mail\\SendQueuedMailable))
#27 C:\\Users\\xokit\\OneDrive\\Documentos\\Jarvis_Mind\\Faculdade\\OPE\\vendor\\laravel\\framework\\src\\Illuminate\\Mail\\Mailer.php(417): Illuminate\\Mail\\Mailable->queue(Object(Illuminate\\Queue\\QueueManager))
#28 C:\\Users\\xokit\\OneDrive\\Documentos\\Jarvis_Mind\\Faculdade\\OPE\\vendor\\laravel\\framework\\src\\Illuminate\\Mail\\MailManager.php(466): Illuminate\\Mail\\Mailer->queue(Object(Webkul\\Customer\\Mail\\RegistrationEmail))
#29 C:\\Users\\xokit\\OneDrive\\Documentos\\Jarvis_Mind\\Faculdade\\OPE\\vendor\\laravel\\framework\\src\\Illuminate\\Support\\Facades\\Facade.php(261): Illuminate\\Mail\\MailManager->__call('queue', Array)
#30 C:\\Users\\xokit\\OneDrive\\Documentos\\Jarvis_Mind\\Faculdade\\OPE\\packages\\Webkul\\Customer\\src\\Http\\Controllers\\RegistrationController.php(155): Illuminate\\Support\\Facades\\Facade::__callStatic('queue', Array)
#31 C:\\Users\\xokit\\OneDrive\\Documentos\\Jarvis_Mind\\Faculdade\\OPE\\vendor\\laravel\\framework\\src\\Illuminate\\Routing\\Controller.php(54): Webkul\\Customer\\Http\\Controllers\\RegistrationController->create(Array)
#32 C:\\Users\\xokit\\OneDrive\\Documentos\\Jarvis_Mind\\Faculdade\\OPE\\vendor\\laravel\\framework\\src\\Illuminate\\Routing\\ControllerDispatcher.php(45): Illuminate\\Routing\\Controller->callAction('create', Array)
#33 C:\\Users\\xokit\\OneDrive\\Documentos\\Jarvis_Mind\\Faculdade\\OPE\\vendor\\laravel\\framework\\src\\Illuminate\\Routing\\Route.php(239): Illuminate\\Routing\\ControllerDispatcher->dispatch(Object(Illuminate\\Routing\\Route), Object(Webkul\\Customer\\Http\\Controllers\\RegistrationController), 'create')
#34 C:\\Users\\xokit\\OneDrive\\Documentos\\Jarvis_Mind\\Faculdade\\OPE\\vendor\\laravel\\framework\\src\\Illuminate\\Routing\\Route.php(196): Illuminate\\Routing\\Route->runController()
#35 C:\\Users\\xokit\\OneDrive\\Documentos\\Jarvis_Mind\\Faculdade\\OPE\\vendor\\laravel\\framework\\src\\Illuminate\\Routing\\Router.php(685): Illuminate\\Routing\\Route->run()
#36 C:\\Users\\xokit\\OneDrive\\Documentos\\Jarvis_Mind\\Faculdade\\OPE\\vendor\\laravel\\framework\\src\\Illuminate\\Pipeline\\Pipeline.php(128): Illuminate\\Routing\\Router->Illuminate\\Routing\\{closure}(Object(Illuminate\\Http\\Request))
#37 C:\\Users\\xokit\\OneDrive\\Documentos\\Jarvis_Mind\\Faculdade\\OPE\\packages\\Webkul\\Shop\\src\\Http\\Middleware\\Currency.php(46): Illuminate\\Pipeline\\Pipeline->Illuminate\\Pipeline\\{closure}(Object(Illuminate\\Http\\Request))
#38 C:\\Users\\xokit\\OneDrive\\Documentos\\Jarvis_Mind\\Faculdade\\OPE\\vendor\\laravel\\framework\\src\\Illuminate\\Pipeline\\Pipeline.php(167): Webkul\\Shop\\Http\\Middleware\\Currency->handle(Object(Illuminate\\Http\\Request), Object(Closure))
#39 C:\\Users\\xokit\\OneDrive\\Documentos\\Jarvis_Mind\\Faculdade\\OPE\\packages\\Webkul\\Shop\\src\\Http\\Middleware\\Theme.php(31): Illuminate\\Pipeline\\Pipeline->Illuminate\\Pipeline\\{closure}(Object(Illuminate\\Http\\Request))
#40 C:\\Users\\xokit\\OneDrive\\Documentos\\Jarvis_Mind\\Faculdade\\OPE\\vendor\\laravel\\framework\\src\\Illuminate\\Pipeline\\Pipeline.php(167): Webkul\\Shop\\Http\\Middleware\\Theme->handle(Object(Illuminate\\Http\\Request), Object(Closure))
#41 C:\\Users\\xokit\\OneDrive\\Documentos\\Jarvis_Mind\\Faculdade\\OPE\\packages\\Webkul\\Shop\\src\\Http\\Middleware\\Locale.php(50): Illuminate\\Pipeline\\Pipeline->Illuminate\\Pipeline\\{closure}(Object(Illuminate\\Http\\Request))
#42 C:\\Users\\xokit\\OneDrive\\Documentos\\Jarvis_Mind\\Faculdade\\OPE\\vendor\\laravel\\framework\\src\\Illuminate\\Pipeline\\Pipeline.php(167): Webkul\\Shop\\Http\\Middleware\\Locale->handle(Object(Illuminate\\Http\\Request), Object(Closure))
#43 C:\\Users\\xokit\\OneDrive\\Documentos\\Jarvis_Mind\\Faculdade\\OPE\\vendor\\laravel\\framework\\src\\Illuminate\\Routing\\Middleware\\SubstituteBindings.php(41): Illuminate\\Pipeline\\Pipeline->Illuminate\\Pipeline\\{closure}(Object(Illuminate\\Http\\Request))
#44 C:\\Users\\xokit\\OneDrive\\Documentos\\Jarvis_Mind\\Faculdade\\OPE\\vendor\\laravel\\framework\\src\\Illuminate\\Pipeline\\Pipeline.php(167): Illuminate\\Routing\\Middleware\\SubstituteBindings->handle(Object(Illuminate\\Http\\Request), Object(Closure))
#45 C:\\Users\\xokit\\OneDrive\\Documentos\\Jarvis_Mind\\Faculdade\\OPE\\vendor\\laravel\\framework\\src\\Illuminate\\Foundation\\Http\\Middleware\\VerifyCsrfToken.php(78): Illuminate\\Pipeline\\Pipeline->Illuminate\\Pipeline\\{closure}(Object(Illuminate\\Http\\Request))
#46 C:\\Users\\xokit\\OneDrive\\Documentos\\Jarvis_Mind\\Faculdade\\OPE\\vendor\\laravel\\framework\\src\\Illuminate\\Pipeline\\Pipeline.php(167): Illuminate\\Foundation\\Http\\Middleware\\VerifyCsrfToken->handle(Object(Illuminate\\Http\\Request), Object(Closure))
#47 C:\\Users\\xokit\\OneDrive\\Documentos\\Jarvis_Mind\\Faculdade\\OPE\\vendor\\laravel\\framework\\src\\Illuminate\\Session\\Middleware\\AuthenticateSession.php(39): Illuminate\\Pipeline\\Pipeline->Illuminate\\Pipeline\\{closure}(Object(Illuminate\\Http\\Request))
#48 C:\\Users\\xokit\\OneDrive\\Documentos\\Jarvis_Mind\\Faculdade\\OPE\\vendor\\laravel\\framework\\src\\Illuminate\\Pipeline\\Pipeline.php(167): Illuminate\\Session\\Middleware\\AuthenticateSession->handle(Object(Illuminate\\Http\\Request), Object(Closure))
#49 C:\\Users\\xokit\\OneDrive\\Documentos\\Jarvis_Mind\\Faculdade\\OPE\\vendor\\laravel\\framework\\src\\Illuminate\\View\\Middleware\\ShareErrorsFromSession.php(49): Illuminate\\Pipeline\\Pipeline->Illuminate\\Pipeline\\{closure}(Object(Illuminate\\Http\\Request))
#50 C:\\Users\\xokit\\OneDrive\\Documentos\\Jarvis_Mind\\Faculdade\\OPE\\vendor\\laravel\\framework\\src\\Illuminate\\Pipeline\\Pipeline.php(167): Illuminate\\View\\Middleware\\ShareErrorsFromSession->handle(Object(Illuminate\\Http\\Request), Object(Closure))
#51 C:\\Users\\xokit\\OneDrive\\Documentos\\Jarvis_Mind\\Faculdade\\OPE\\vendor\\laravel\\framework\\src\\Illuminate\\Pipeline\\Pipeline.php(103): Illuminate\\Pipeline\\Pipeline->Illuminate\\Pipeline\\{closure}(Object(Illuminate\\Http\\Request))
#52 C:\\Users\\xokit\\OneDrive\\Documentos\\Jarvis_Mind\\Faculdade\\OPE\\vendor\\laravel\\framework\\src\\Illuminate\\Routing\\Router.php(687): Illuminate\\Pipeline\\Pipeline->then(Object(Closure))
#53 C:\\Users\\xokit\\OneDrive\\Documentos\\Jarvis_Mind\\Faculdade\\OPE\\vendor\\laravel\\framework\\src\\Illuminate\\Routing\\Router.php(662): Illuminate\\Routing\\Router->runRouteWithinStack(Object(Illuminate\\Routing\\Route), Object(Illuminate\\Http\\Request))
#54 C:\\Users\\xokit\\OneDrive\\Documentos\\Jarvis_Mind\\Faculdade\\OPE\\vendor\\laravel\\framework\\src\\Illuminate\\Routing\\Router.php(628): Illuminate\\Routing\\Router->runRoute(Object(Illuminate\\Http\\Request), Object(Illuminate\\Routing\\Route))
#55 C:\\Users\\xokit\\OneDrive\\Documentos\\Jarvis_Mind\\Faculdade\\OPE\\vendor\\laravel\\framework\\src\\Illuminate\\Routing\\Router.php(617): Illuminate\\Routing\\Router->dispatchToRoute(Object(Illuminate\\Http\\Request))
#56 C:\\Users\\xokit\\OneDrive\\Documentos\\Jarvis_Mind\\Faculdade\\OPE\\vendor\\laravel\\framework\\src\\Illuminate\\Foundation\\Http\\Kernel.php(165): Illuminate\\Routing\\Router->dispatch(Object(Illuminate\\Http\\Request))
#57 C:\\Users\\xokit\\OneDrive\\Documentos\\Jarvis_Mind\\Faculdade\\OPE\\vendor\\laravel\\framework\\src\\Illuminate\\Pipeline\\Pipeline.php(128): Illuminate\\Foundation\\Http\\Kernel->Illuminate\\Foundation\\Http\\{closure}(Object(Illuminate\\Http\\Request))
#58 C:\\Users\\xokit\\OneDrive\\Documentos\\Jarvis_Mind\\Faculdade\\OPE\\vendor\\barryvdh\\laravel-debugbar\\src\\Middleware\\InjectDebugbar.php(67): Illuminate\\Pipeline\\Pipeline->Illuminate\\Pipeline\\{closure}(Object(Illuminate\\Http\\Request))
#59 C:\\Users\\xokit\\OneDrive\\Documentos\\Jarvis_Mind\\Faculdade\\OPE\\vendor\\laravel\\framework\\src\\Illuminate\\Pipeline\\Pipeline.php(167): Barryvdh\\Debugbar\\Middleware\\InjectDebugbar->handle(Object(Illuminate\\Http\\Request), Object(Closure))
#60 C:\\Users\\xokit\\OneDrive\\Documentos\\Jarvis_Mind\\Faculdade\\OPE\\vendor\\laravel\\framework\\src\\Illuminate\\Session\\Middleware\\StartSession.php(116): Illuminate\\Pipeline\\Pipeline->Illuminate\\Pipeline\\{closure}(Object(Illuminate\\Http\\Request))
#61 C:\\Users\\xokit\\OneDrive\\Documentos\\Jarvis_Mind\\Faculdade\\OPE\\vendor\\laravel\\framework\\src\\Illuminate\\Session\\Middleware\\StartSession.php(62): Illuminate\\Session\\Middleware\\StartSession->handleStatefulRequest(Object(Illuminate\\Http\\Request), Object(Illuminate\\Session\\Store), Object(Closure))
#62 C:\\Users\\xokit\\OneDrive\\Documentos\\Jarvis_Mind\\Faculdade\\OPE\\vendor\\laravel\\framework\\src\\Illuminate\\Pipeline\\Pipeline.php(167): Illuminate\\Session\\Middleware\\StartSession->handle(Object(Illuminate\\Http\\Request), Object(Closure))
#63 C:\\Users\\xokit\\OneDrive\\Documentos\\Jarvis_Mind\\Faculdade\\OPE\\vendor\\laravel\\framework\\src\\Illuminate\\Cookie\\Middleware\\AddQueuedCookiesToResponse.php(37): Illuminate\\Pipeline\\Pipeline->Illuminate\\Pipeline\\{closure}(Object(Illuminate\\Http\\Request))
#64 C:\\Users\\xokit\\OneDrive\\Documentos\\Jarvis_Mind\\Faculdade\\OPE\\vendor\\laravel\\framework\\src\\Illuminate\\Pipeline\\Pipeline.php(167): Illuminate\\Cookie\\Middleware\\AddQueuedCookiesToResponse->handle(Object(Illuminate\\Http\\Request), Object(Closure))
#65 C:\\Users\\xokit\\OneDrive\\Documentos\\Jarvis_Mind\\Faculdade\\OPE\\vendor\\laravel\\framework\\src\\Illuminate\\Cookie\\Middleware\\EncryptCookies.php(67): Illuminate\\Pipeline\\Pipeline->Illuminate\\Pipeline\\{closure}(Object(Illuminate\\Http\\Request))
#66 C:\\Users\\xokit\\OneDrive\\Documentos\\Jarvis_Mind\\Faculdade\\OPE\\vendor\\laravel\\framework\\src\\Illuminate\\Pipeline\\Pipeline.php(167): Illuminate\\Cookie\\Middleware\\EncryptCookies->handle(Object(Illuminate\\Http\\Request), Object(Closure))
#67 C:\\Users\\xokit\\OneDrive\\Documentos\\Jarvis_Mind\\Faculdade\\OPE\\packages\\Webkul\\Core\\src\\Http\\Middleware\\CheckForMaintenanceMode.php(117): Illuminate\\Pipeline\\Pipeline->Illuminate\\Pipeline\\{closure}(Object(Illuminate\\Http\\Request))
#68 C:\\Users\\xokit\\OneDrive\\Documentos\\Jarvis_Mind\\Faculdade\\OPE\\vendor\\laravel\\framework\\src\\Illuminate\\Pipeline\\Pipeline.php(167): Webkul\\Core\\Http\\Middleware\\CheckForMaintenanceMode->handle(Object(Illuminate\\Http\\Request), Object(Closure))
#69 C:\\Users\\xokit\\OneDrive\\Documentos\\Jarvis_Mind\\Faculdade\\OPE\\vendor\\laravel\\framework\\src\\Illuminate\\Pipeline\\Pipeline.php(103): Illuminate\\Pipeline\\Pipeline->Illuminate\\Pipeline\\{closure}(Object(Illuminate\\Http\\Request))
#70 C:\\Users\\xokit\\OneDrive\\Documentos\\Jarvis_Mind\\Faculdade\\OPE\\vendor\\laravel\\framework\\src\\Illuminate\\Foundation\\Http\\Kernel.php(140): Illuminate\\Pipeline\\Pipeline->then(Object(Closure))
#71 C:\\Users\\xokit\\OneDrive\\Documentos\\Jarvis_Mind\\Faculdade\\OPE\\vendor\\laravel\\framework\\src\\Illuminate\\Foundation\\Http\\Kernel.php(109): Illuminate\\Foundation\\Http\\Kernel->sendRequestThroughRouter(Object(Illuminate\\Http\\Request))
#72 C:\\Users\\xokit\\OneDrive\\Documentos\\Jarvis_Mind\\Faculdade\\OPE\\public\\index.php(74): Illuminate\\Foundation\\Http\\Kernel->handle(Object(Illuminate\\Http\\Request))
#73 C:\\Users\\xokit\\OneDrive\\Documentos\\Jarvis_Mind\\Faculdade\\OPE\\server.php(21): require_once('C:\\\\Users\\\\xokit\\\\...')
#74 {main}
"} 
